::1 - - [26/Feb/2022:08:29:19 +0000] "POST /api/v1/users/login HTTP/1.1" 200 436 "http://localhost:3000/" "Mozilla/5.0 (Windows NT 10.0; Win64; x64) AppleWebKit/537.36 (KHTML, like Gecko) Chrome/98.0.4758.102 Safari/537.36"
::1 - - [26/Feb/2022:08:29:19 +0000] "GET /api/v1/books?limit=8 HTTP/1.1" 200 8436 "http://localhost:3000/" "Mozilla/5.0 (Windows NT 10.0; Win64; x64) AppleWebKit/537.36 (KHTML, like Gecko) Chrome/98.0.4758.102 Safari/537.36"
::1 - - [26/Feb/2022:08:29:26 +0000] "GET /api/v1/books?limit=8 HTTP/1.1" 304 - "http://localhost:3000/" "Mozilla/5.0 (Windows NT 10.0; Win64; x64) AppleWebKit/537.36 (KHTML, like Gecko) Chrome/98.0.4758.102 Safari/537.36"
::1 - - [26/Feb/2022:08:29:32 +0000] "GET /api/v1/books?limit=8 HTTP/1.1" 304 - "http://localhost:3000/" "Mozilla/5.0 (Windows NT 10.0; Win64; x64) AppleWebKit/537.36 (KHTML, like Gecko) Chrome/98.0.4758.102 Safari/537.36"
::1 - - [26/Feb/2022:08:29:33 +0000] "GET /api/v1/books?limit=8 HTTP/1.1" 304 - "http://localhost:3000/" "Mozilla/5.0 (Windows NT 10.0; Win64; x64) AppleWebKit/537.36 (KHTML, like Gecko) Chrome/98.0.4758.102 Safari/537.36"
::1 - - [26/Feb/2022:08:29:35 +0000] "GET /api/v1/books?limit=8 HTTP/1.1" 304 - "http://localhost:3000/" "Mozilla/5.0 (Windows NT 10.0; Win64; x64) AppleWebKit/537.36 (KHTML, like Gecko) Chrome/98.0.4758.102 Safari/537.36"
::1 - - [26/Feb/2022:08:29:36 +0000] "GET /api/v1/books?limit=8 HTTP/1.1" 304 - "http://localhost:3000/" "Mozilla/5.0 (Windows NT 10.0; Win64; x64) AppleWebKit/537.36 (KHTML, like Gecko) Chrome/98.0.4758.102 Safari/537.36"
::1 - - [26/Feb/2022:08:29:37 +0000] "GET /api/v1/books?limit=8 HTTP/1.1" 304 - "http://localhost:3000/" "Mozilla/5.0 (Windows NT 10.0; Win64; x64) AppleWebKit/537.36 (KHTML, like Gecko) Chrome/98.0.4758.102 Safari/537.36"
::1 - - [26/Feb/2022:08:29:38 +0000] "GET /api/v1/books?limit=8 HTTP/1.1" 304 - "http://localhost:3000/" "Mozilla/5.0 (Windows NT 10.0; Win64; x64) AppleWebKit/537.36 (KHTML, like Gecko) Chrome/98.0.4758.102 Safari/537.36"
::1 - - [26/Feb/2022:08:29:40 +0000] "GET /api/v1/books?limit=8 HTTP/1.1" 304 - "http://localhost:3000/" "Mozilla/5.0 (Windows NT 10.0; Win64; x64) AppleWebKit/537.36 (KHTML, like Gecko) Chrome/98.0.4758.102 Safari/537.36"
::1 - - [26/Feb/2022:08:29:41 +0000] "GET /api/v1/books?limit=8 HTTP/1.1" 304 - "http://localhost:3000/" "Mozilla/5.0 (Windows NT 10.0; Win64; x64) AppleWebKit/537.36 (KHTML, like Gecko) Chrome/98.0.4758.102 Safari/537.36"
::1 - - [26/Feb/2022:08:29:42 +0000] "GET /api/v1/books?limit=8 HTTP/1.1" 304 - "http://localhost:3000/" "Mozilla/5.0 (Windows NT 10.0; Win64; x64) AppleWebKit/537.36 (KHTML, like Gecko) Chrome/98.0.4758.102 Safari/537.36"
::1 - - [26/Feb/2022:08:29:48 +0000] "GET /api/v1/books?limit=8 HTTP/1.1" 304 - "http://localhost:3000/" "Mozilla/5.0 (Windows NT 10.0; Win64; x64) AppleWebKit/537.36 (KHTML, like Gecko) Chrome/98.0.4758.102 Safari/537.36"
::1 - - [26/Feb/2022:08:31:41 +0000] "GET /api/v1/books?limit=8 HTTP/1.1" 304 - "http://localhost:3000/" "Mozilla/5.0 (Windows NT 10.0; Win64; x64) AppleWebKit/537.36 (KHTML, like Gecko) Chrome/98.0.4758.102 Safari/537.36"
::1 - - [26/Feb/2022:08:31:52 +0000] "POST /api/v1/users/login HTTP/1.1" 200 436 "http://localhost:3000/" "Mozilla/5.0 (Windows NT 10.0; Win64; x64) AppleWebKit/537.36 (KHTML, like Gecko) Chrome/98.0.4758.102 Safari/537.36"
::1 - - [26/Feb/2022:08:31:53 +0000] "GET /api/v1/books?limit=8 HTTP/1.1" 304 - "http://localhost:3000/" "Mozilla/5.0 (Windows NT 10.0; Win64; x64) AppleWebKit/537.36 (KHTML, like Gecko) Chrome/98.0.4758.102 Safari/537.36"
::1 - - [26/Feb/2022:08:32:12 +0000] "POST /api/v1/users/login HTTP/1.1" 200 436 "http://localhost:3000/" "Mozilla/5.0 (Windows NT 10.0; Win64; x64) AppleWebKit/537.36 (KHTML, like Gecko) Chrome/98.0.4758.102 Safari/537.36"
::1 - - [26/Feb/2022:08:32:13 +0000] "GET /api/v1/books?limit=8 HTTP/1.1" 304 - "http://localhost:3000/" "Mozilla/5.0 (Windows NT 10.0; Win64; x64) AppleWebKit/537.36 (KHTML, like Gecko) Chrome/98.0.4758.102 Safari/537.36"
::1 - - [26/Feb/2022:08:32:25 +0000] "GET /api/v1/books?limit=8 HTTP/1.1" 304 - "http://localhost:3000/" "Mozilla/5.0 (Windows NT 10.0; Win64; x64) AppleWebKit/537.36 (KHTML, like Gecko) Chrome/98.0.4758.102 Safari/537.36"
::1 - - [26/Feb/2022:08:34:21 +0000] "POST /api/v1/users/login HTTP/1.1" 200 436 "http://localhost:3000/" "Mozilla/5.0 (Windows NT 10.0; Win64; x64) AppleWebKit/537.36 (KHTML, like Gecko) Chrome/98.0.4758.102 Safari/537.36"
::1 - - [26/Feb/2022:08:34:21 +0000] "GET /api/v1/books?limit=8 HTTP/1.1" 304 - "http://localhost:3000/" "Mozilla/5.0 (Windows NT 10.0; Win64; x64) AppleWebKit/537.36 (KHTML, like Gecko) Chrome/98.0.4758.102 Safari/537.36"
::1 - - [26/Feb/2022:08:34:48 +0000] "POST /api/v1/users/login HTTP/1.1" 200 436 "http://localhost:3000/" "Mozilla/5.0 (Windows NT 10.0; Win64; x64) AppleWebKit/537.36 (KHTML, like Gecko) Chrome/98.0.4758.102 Safari/537.36"
::1 - - [26/Feb/2022:08:34:49 +0000] "GET /api/v1/books?limit=8 HTTP/1.1" 304 - "http://localhost:3000/" "Mozilla/5.0 (Windows NT 10.0; Win64; x64) AppleWebKit/537.36 (KHTML, like Gecko) Chrome/98.0.4758.102 Safari/537.36"
::1 - - [26/Feb/2022:08:34:54 +0000] "POST /api/v1/users/login HTTP/1.1" 200 436 "http://localhost:3000/" "Mozilla/5.0 (Windows NT 10.0; Win64; x64) AppleWebKit/537.36 (KHTML, like Gecko) Chrome/98.0.4758.102 Safari/537.36"
::1 - - [26/Feb/2022:08:34:54 +0000] "GET /api/v1/books?limit=8 HTTP/1.1" 304 - "http://localhost:3000/" "Mozilla/5.0 (Windows NT 10.0; Win64; x64) AppleWebKit/537.36 (KHTML, like Gecko) Chrome/98.0.4758.102 Safari/537.36"
::1 - - [26/Feb/2022:08:35:03 +0000] "POST /api/v1/users/login HTTP/1.1" 200 436 "http://localhost:3000/" "Mozilla/5.0 (Windows NT 10.0; Win64; x64) AppleWebKit/537.36 (KHTML, like Gecko) Chrome/98.0.4758.102 Safari/537.36"
::1 - - [26/Feb/2022:08:35:04 +0000] "GET /api/v1/books?limit=8 HTTP/1.1" 304 - "http://localhost:3000/" "Mozilla/5.0 (Windows NT 10.0; Win64; x64) AppleWebKit/537.36 (KHTML, like Gecko) Chrome/98.0.4758.102 Safari/537.36"
::1 - - [26/Feb/2022:08:35:11 +0000] "GET /api/v1/books?limit=8 HTTP/1.1" 304 - "http://localhost:3000/" "Mozilla/5.0 (Windows NT 10.0; Win64; x64) AppleWebKit/537.36 (KHTML, like Gecko) Chrome/98.0.4758.102 Safari/537.36"
::1 - - [26/Feb/2022:08:35:23 +0000] "POST /api/v1/users/login HTTP/1.1" 200 436 "http://localhost:3000/" "Mozilla/5.0 (Windows NT 10.0; Win64; x64) AppleWebKit/537.36 (KHTML, like Gecko) Chrome/98.0.4758.102 Safari/537.36"
::1 - - [26/Feb/2022:08:35:23 +0000] "GET /api/v1/books?limit=8 HTTP/1.1" 304 - "http://localhost:3000/" "Mozilla/5.0 (Windows NT 10.0; Win64; x64) AppleWebKit/537.36 (KHTML, like Gecko) Chrome/98.0.4758.102 Safari/537.36"
::1 - - [26/Feb/2022:08:37:50 +0000] "GET /api/v1/books?limit=8 HTTP/1.1" 304 - "http://localhost:3000/" "Mozilla/5.0 (Windows NT 10.0; Win64; x64) AppleWebKit/537.36 (KHTML, like Gecko) Chrome/98.0.4758.102 Safari/537.36"
::1 - - [26/Feb/2022:08:38:16 +0000] "POST /api/v1/users/login HTTP/1.1" 200 436 "http://localhost:3000/" "Mozilla/5.0 (Windows NT 10.0; Win64; x64) AppleWebKit/537.36 (KHTML, like Gecko) Chrome/98.0.4758.102 Safari/537.36"
::1 - - [26/Feb/2022:08:38:16 +0000] "GET /api/v1/books?limit=8 HTTP/1.1" 304 - "http://localhost:3000/" "Mozilla/5.0 (Windows NT 10.0; Win64; x64) AppleWebKit/537.36 (KHTML, like Gecko) Chrome/98.0.4758.102 Safari/537.36"
::1 - - [26/Feb/2022:08:48:50 +0000] "POST /api/v1/users/login HTTP/1.1" 200 436 "http://localhost:3000/" "Mozilla/5.0 (Windows NT 10.0; Win64; x64) AppleWebKit/537.36 (KHTML, like Gecko) Chrome/98.0.4758.102 Safari/537.36"
::1 - - [26/Feb/2022:08:48:50 +0000] "GET /api/v1/books?limit=8 HTTP/1.1" 304 - "http://localhost:3000/" "Mozilla/5.0 (Windows NT 10.0; Win64; x64) AppleWebKit/537.36 (KHTML, like Gecko) Chrome/98.0.4758.102 Safari/537.36"
::1 - - [26/Feb/2022:09:05:18 +0000] "GET /api/v1/books?limit=8 HTTP/1.1" 304 - "http://localhost:3000/" "Mozilla/5.0 (Windows NT 10.0; Win64; x64) AppleWebKit/537.36 (KHTML, like Gecko) Chrome/98.0.4758.102 Safari/537.36"
::1 - - [26/Feb/2022:09:05:30 +0000] "GET /api/v1/books?limit=8 HTTP/1.1" 304 - "http://localhost:3000/" "Mozilla/5.0 (Windows NT 10.0; Win64; x64) AppleWebKit/537.36 (KHTML, like Gecko) Chrome/98.0.4758.102 Safari/537.36"
::1 - - [26/Feb/2022:09:34:56 +0000] "GET /api/v1/books?limit=8 HTTP/1.1" 304 - "http://localhost:3000/" "Mozilla/5.0 (Windows NT 10.0; Win64; x64) AppleWebKit/537.36 (KHTML, like Gecko) Chrome/98.0.4758.102 Safari/537.36"
::1 - - [26/Feb/2022:09:35:14 +0000] "GET /api/v1/books?limit=8 HTTP/1.1" 304 - "http://localhost:3000/" "Mozilla/5.0 (Windows NT 10.0; Win64; x64) AppleWebKit/537.36 (KHTML, like Gecko) Chrome/98.0.4758.102 Safari/537.36"
::1 - - [26/Feb/2022:09:35:20 +0000] "POST /api/v1/users/login HTTP/1.1" 200 436 "http://localhost:3000/" "Mozilla/5.0 (Windows NT 10.0; Win64; x64) AppleWebKit/537.36 (KHTML, like Gecko) Chrome/98.0.4758.102 Safari/537.36"
::1 - - [26/Feb/2022:09:35:20 +0000] "GET /api/v1/books?limit=8 HTTP/1.1" 304 - "http://localhost:3000/" "Mozilla/5.0 (Windows NT 10.0; Win64; x64) AppleWebKit/537.36 (KHTML, like Gecko) Chrome/98.0.4758.102 Safari/537.36"
::1 - - [26/Feb/2022:09:35:27 +0000] "GET /api/v1/books?limit=8 HTTP/1.1" 304 - "http://localhost:3000/" "Mozilla/5.0 (Windows NT 10.0; Win64; x64) AppleWebKit/537.36 (KHTML, like Gecko) Chrome/98.0.4758.102 Safari/537.36"
::1 - - [26/Feb/2022:09:35:35 +0000] "GET /api/v1/books?limit=8 HTTP/1.1" 304 - "http://localhost:3000/" "Mozilla/5.0 (Windows NT 10.0; Win64; x64) AppleWebKit/537.36 (KHTML, like Gecko) Chrome/98.0.4758.102 Safari/537.36"
::1 - - [26/Feb/2022:09:35:42 +0000] "POST /api/v1/users/login HTTP/1.1" 200 436 "http://localhost:3000/" "Mozilla/5.0 (Windows NT 10.0; Win64; x64) AppleWebKit/537.36 (KHTML, like Gecko) Chrome/98.0.4758.102 Safari/537.36"
::1 - - [26/Feb/2022:09:35:42 +0000] "GET /api/v1/books?limit=8 HTTP/1.1" 304 - "http://localhost:3000/" "Mozilla/5.0 (Windows NT 10.0; Win64; x64) AppleWebKit/537.36 (KHTML, like Gecko) Chrome/98.0.4758.102 Safari/537.36"
::1 - - [26/Feb/2022:09:35:52 +0000] "GET /api/v1/books?limit=8 HTTP/1.1" 304 - "http://localhost:3000/" "Mozilla/5.0 (Windows NT 10.0; Win64; x64) AppleWebKit/537.36 (KHTML, like Gecko) Chrome/98.0.4758.102 Safari/537.36"
::1 - - [26/Feb/2022:09:36:02 +0000] "GET /api/v1/books?limit=8 HTTP/1.1" 304 - "http://localhost:3000/" "Mozilla/5.0 (Windows NT 10.0; Win64; x64) AppleWebKit/537.36 (KHTML, like Gecko) Chrome/98.0.4758.102 Safari/537.36"
::1 - - [26/Feb/2022:09:36:08 +0000] "POST /api/v1/users/login HTTP/1.1" 200 436 "http://localhost:3000/" "Mozilla/5.0 (Windows NT 10.0; Win64; x64) AppleWebKit/537.36 (KHTML, like Gecko) Chrome/98.0.4758.102 Safari/537.36"
::1 - - [26/Feb/2022:09:36:08 +0000] "GET /api/v1/books?limit=8 HTTP/1.1" 304 - "http://localhost:3000/" "Mozilla/5.0 (Windows NT 10.0; Win64; x64) AppleWebKit/537.36 (KHTML, like Gecko) Chrome/98.0.4758.102 Safari/537.36"
::1 - - [26/Feb/2022:09:36:21 +0000] "GET /api/v1/books?limit=8 HTTP/1.1" 304 - "http://localhost:3000/" "Mozilla/5.0 (Windows NT 10.0; Win64; x64) AppleWebKit/537.36 (KHTML, like Gecko) Chrome/98.0.4758.102 Safari/537.36"
::1 - - [26/Feb/2022:09:36:26 +0000] "GET /api/v1/books?limit=8 HTTP/1.1" - - "http://localhost:3000/" "Mozilla/5.0 (Windows NT 10.0; Win64; x64) AppleWebKit/537.36 (KHTML, like Gecko) Chrome/98.0.4758.102 Safari/537.36"
::1 - - [26/Feb/2022:09:36:28 +0000] "GET /api/v1/books?limit=8 HTTP/1.1" 200 8436 "http://localhost:3000/" "Mozilla/5.0 (Windows NT 10.0; Win64; x64) AppleWebKit/537.36 (KHTML, like Gecko) Chrome/98.0.4758.102 Safari/537.36"
::1 - - [26/Feb/2022:09:36:29 +0000] "GET /api/v1/books/620cca5f50acce379ea99216 HTTP/1.1" 200 669 "http://localhost:3000/" "Mozilla/5.0 (Windows NT 10.0; Win64; x64) AppleWebKit/537.36 (KHTML, like Gecko) Chrome/98.0.4758.102 Safari/537.36"
::1 - - [26/Feb/2022:09:36:31 +0000] "GET /api/v1/books/620cca5f50acce379ea99216 HTTP/1.1" 304 - "http://localhost:3000/" "Mozilla/5.0 (Windows NT 10.0; Win64; x64) AppleWebKit/537.36 (KHTML, like Gecko) Chrome/98.0.4758.102 Safari/537.36"
::1 - - [26/Feb/2022:09:37:26 +0000] "POST /api/v1/users/login HTTP/1.1" 200 436 "http://localhost:3000/" "Mozilla/5.0 (Windows NT 10.0; Win64; x64) AppleWebKit/537.36 (KHTML, like Gecko) Chrome/98.0.4758.102 Safari/537.36"
::1 - - [26/Feb/2022:09:37:26 +0000] "GET /api/v1/books?limit=8 HTTP/1.1" 304 - "http://localhost:3000/" "Mozilla/5.0 (Windows NT 10.0; Win64; x64) AppleWebKit/537.36 (KHTML, like Gecko) Chrome/98.0.4758.102 Safari/537.36"
::1 - - [26/Feb/2022:09:37:33 +0000] "GET /api/v1/books?limit=8 HTTP/1.1" 304 - "http://localhost:3000/" "Mozilla/5.0 (Windows NT 10.0; Win64; x64) AppleWebKit/537.36 (KHTML, like Gecko) Chrome/98.0.4758.102 Safari/537.36"
::1 - - [26/Feb/2022:09:43:07 +0000] "POST /api/v1/users/login HTTP/1.1" 200 436 "http://localhost:3000/" "Mozilla/5.0 (Windows NT 10.0; Win64; x64) AppleWebKit/537.36 (KHTML, like Gecko) Chrome/98.0.4758.102 Safari/537.36"
::1 - - [26/Feb/2022:09:43:07 +0000] "GET /api/v1/books?limit=8 HTTP/1.1" 304 - "http://localhost:3000/" "Mozilla/5.0 (Windows NT 10.0; Win64; x64) AppleWebKit/537.36 (KHTML, like Gecko) Chrome/98.0.4758.102 Safari/537.36"
::1 - - [26/Feb/2022:09:44:13 +0000] "POST /api/v1/users/login HTTP/1.1" 200 436 "http://localhost:3000/" "Mozilla/5.0 (Windows NT 10.0; Win64; x64) AppleWebKit/537.36 (KHTML, like Gecko) Chrome/98.0.4758.102 Safari/537.36"
::1 - - [26/Feb/2022:09:44:14 +0000] "GET /api/v1/books?limit=8 HTTP/1.1" 304 - "http://localhost:3000/" "Mozilla/5.0 (Windows NT 10.0; Win64; x64) AppleWebKit/537.36 (KHTML, like Gecko) Chrome/98.0.4758.102 Safari/537.36"
::1 - - [26/Feb/2022:09:44:26 +0000] "POST /api/v1/users/login HTTP/1.1" 200 436 "http://localhost:3000/" "Mozilla/5.0 (Windows NT 10.0; Win64; x64) AppleWebKit/537.36 (KHTML, like Gecko) Chrome/98.0.4758.102 Safari/537.36"
::1 - - [26/Feb/2022:09:44:27 +0000] "GET /api/v1/books?limit=8 HTTP/1.1" 304 - "http://localhost:3000/" "Mozilla/5.0 (Windows NT 10.0; Win64; x64) AppleWebKit/537.36 (KHTML, like Gecko) Chrome/98.0.4758.102 Safari/537.36"
::1 - - [26/Feb/2022:10:01:10 +0000] "POST /api/v1/users/login HTTP/1.1" 200 436 "http://localhost:3000/" "Mozilla/5.0 (Windows NT 10.0; Win64; x64) AppleWebKit/537.36 (KHTML, like Gecko) Chrome/98.0.4758.102 Safari/537.36"
::1 - - [26/Feb/2022:10:01:11 +0000] "GET /api/v1/books?limit=8 HTTP/1.1" 200 8436 "http://localhost:3000/" "Mozilla/5.0 (Windows NT 10.0; Win64; x64) AppleWebKit/537.36 (KHTML, like Gecko) Chrome/98.0.4758.102 Safari/537.36"
::1 - - [26/Feb/2022:10:01:48 +0000] "POST /api/v1/users/login HTTP/1.1" 200 436 "http://localhost:3000/" "Mozilla/5.0 (Windows NT 10.0; Win64; x64) AppleWebKit/537.36 (KHTML, like Gecko) Chrome/98.0.4758.102 Safari/537.36"
::1 - - [26/Feb/2022:10:01:49 +0000] "GET /api/v1/books?limit=8 HTTP/1.1" 304 - "http://localhost:3000/" "Mozilla/5.0 (Windows NT 10.0; Win64; x64) AppleWebKit/537.36 (KHTML, like Gecko) Chrome/98.0.4758.102 Safari/537.36"
::1 - - [26/Feb/2022:10:02:05 +0000] "POST /api/v1/users/login HTTP/1.1" 200 436 "-" "PostmanRuntime/7.29.0"
::1 - - [26/Feb/2022:10:02:19 +0000] "GET /api/v1/users/logout HTTP/1.1" 200 40 "-" "PostmanRuntime/7.29.0"
::1 - - [26/Feb/2022:10:02:46 +0000] "POST /api/v1/users/login HTTP/1.1" 200 436 "http://localhost:3000/" "Mozilla/5.0 (Windows NT 10.0; Win64; x64) AppleWebKit/537.36 (KHTML, like Gecko) Chrome/98.0.4758.102 Safari/537.36"
::1 - - [26/Feb/2022:10:02:47 +0000] "GET /api/v1/books?limit=8 HTTP/1.1" 304 - "http://localhost:3000/" "Mozilla/5.0 (Windows NT 10.0; Win64; x64) AppleWebKit/537.36 (KHTML, like Gecko) Chrome/98.0.4758.102 Safari/537.36"
::1 - - [26/Feb/2022:10:07:18 +0000] "POST /api/v1/users/login HTTP/1.1" 200 436 "http://localhost:3000/" "Mozilla/5.0 (Windows NT 10.0; Win64; x64) AppleWebKit/537.36 (KHTML, like Gecko) Chrome/98.0.4758.102 Safari/537.36"
::1 - - [26/Feb/2022:10:07:18 +0000] "GET /api/v1/books?limit=8 HTTP/1.1" 304 - "http://localhost:3000/" "Mozilla/5.0 (Windows NT 10.0; Win64; x64) AppleWebKit/537.36 (KHTML, like Gecko) Chrome/98.0.4758.102 Safari/537.36"
::1 - - [26/Feb/2022:10:07:21 +0000] "GET /api/v1/users/logout HTTP/1.1" 200 40 "http://localhost:3000/" "Mozilla/5.0 (Windows NT 10.0; Win64; x64) AppleWebKit/537.36 (KHTML, like Gecko) Chrome/98.0.4758.102 Safari/537.36"
::1 - - [26/Feb/2022:10:07:25 +0000] "POST /api/v1/users/login HTTP/1.1" 200 436 "http://localhost:3000/" "Mozilla/5.0 (Windows NT 10.0; Win64; x64) AppleWebKit/537.36 (KHTML, like Gecko) Chrome/98.0.4758.102 Safari/537.36"
::1 - - [26/Feb/2022:10:07:25 +0000] "GET /api/v1/books?limit=8 HTTP/1.1" 304 - "http://localhost:3000/" "Mozilla/5.0 (Windows NT 10.0; Win64; x64) AppleWebKit/537.36 (KHTML, like Gecko) Chrome/98.0.4758.102 Safari/537.36"
::1 - - [26/Feb/2022:10:07:27 +0000] "GET /api/v1/users/logout HTTP/1.1" 304 - "http://localhost:3000/" "Mozilla/5.0 (Windows NT 10.0; Win64; x64) AppleWebKit/537.36 (KHTML, like Gecko) Chrome/98.0.4758.102 Safari/537.36"
::1 - - [26/Feb/2022:10:07:36 +0000] "POST /api/v1/users/login HTTP/1.1" 200 436 "http://localhost:3000/" "Mozilla/5.0 (Windows NT 10.0; Win64; x64) AppleWebKit/537.36 (KHTML, like Gecko) Chrome/98.0.4758.102 Safari/537.36"
::1 - - [26/Feb/2022:10:07:36 +0000] "GET /api/v1/books?limit=8 HTTP/1.1" 304 - "http://localhost:3000/" "Mozilla/5.0 (Windows NT 10.0; Win64; x64) AppleWebKit/537.36 (KHTML, like Gecko) Chrome/98.0.4758.102 Safari/537.36"
::1 - - [26/Feb/2022:10:07:40 +0000] "GET /api/v1/users/logout HTTP/1.1" 304 - "http://localhost:3000/" "Mozilla/5.0 (Windows NT 10.0; Win64; x64) AppleWebKit/537.36 (KHTML, like Gecko) Chrome/98.0.4758.102 Safari/537.36"
::1 - - [26/Feb/2022:10:07:45 +0000] "GET /api/v1/books?limit=8 HTTP/1.1" 304 - "http://localhost:3000/" "Mozilla/5.0 (Windows NT 10.0; Win64; x64) AppleWebKit/537.36 (KHTML, like Gecko) Chrome/98.0.4758.102 Safari/537.36"
::1 - - [26/Feb/2022:10:08:44 +0000] "GET /api/v1/books?limit=8 HTTP/1.1" 304 - "http://localhost:3000/" "Mozilla/5.0 (Windows NT 10.0; Win64; x64) AppleWebKit/537.36 (KHTML, like Gecko) Chrome/98.0.4758.102 Safari/537.36"
::1 - - [26/Feb/2022:10:08:47 +0000] "GET /api/v1/books?limit=8 HTTP/1.1" 304 - "http://localhost:3000/" "Mozilla/5.0 (Windows NT 10.0; Win64; x64) AppleWebKit/537.36 (KHTML, like Gecko) Chrome/98.0.4758.102 Safari/537.36"
::1 - - [26/Feb/2022:10:08:48 +0000] "GET /api/v1/users/logout HTTP/1.1" 304 - "http://localhost:3000/" "Mozilla/5.0 (Windows NT 10.0; Win64; x64) AppleWebKit/537.36 (KHTML, like Gecko) Chrome/98.0.4758.102 Safari/537.36"
::1 - - [26/Feb/2022:10:08:54 +0000] "POST /api/v1/users/login HTTP/1.1" 200 436 "http://localhost:3000/" "Mozilla/5.0 (Windows NT 10.0; Win64; x64) AppleWebKit/537.36 (KHTML, like Gecko) Chrome/98.0.4758.102 Safari/537.36"
::1 - - [26/Feb/2022:10:08:55 +0000] "GET /api/v1/books?limit=8 HTTP/1.1" 304 - "http://localhost:3000/" "Mozilla/5.0 (Windows NT 10.0; Win64; x64) AppleWebKit/537.36 (KHTML, like Gecko) Chrome/98.0.4758.102 Safari/537.36"
::1 - - [26/Feb/2022:10:09:04 +0000] "GET /api/v1/users/logout HTTP/1.1" 304 - "http://localhost:3000/" "Mozilla/5.0 (Windows NT 10.0; Win64; x64) AppleWebKit/537.36 (KHTML, like Gecko) Chrome/98.0.4758.102 Safari/537.36"
::1 - - [26/Feb/2022:10:09:10 +0000] "GET /api/v1/books?limit=8 HTTP/1.1" 304 - "http://localhost:3000/" "Mozilla/5.0 (Windows NT 10.0; Win64; x64) AppleWebKit/537.36 (KHTML, like Gecko) Chrome/98.0.4758.102 Safari/537.36"
::1 - - [26/Feb/2022:10:09:16 +0000] "GET /api/v1/books/620cca5f50acce379ea99214 HTTP/1.1" 304 - "http://localhost:3000/" "Mozilla/5.0 (Windows NT 10.0; Win64; x64) AppleWebKit/537.36 (KHTML, like Gecko) Chrome/98.0.4758.102 Safari/537.36"
::1 - - [26/Feb/2022:10:09:17 +0000] "DELETE /api/v1/books/620cca5f50acce379ea99214 HTTP/1.1" 401 157 "http://localhost:3000/" "Mozilla/5.0 (Windows NT 10.0; Win64; x64) AppleWebKit/537.36 (KHTML, like Gecko) Chrome/98.0.4758.102 Safari/537.36"
::1 - - [26/Feb/2022:10:09:22 +0000] "GET /api/v1/books?limit=8 HTTP/1.1" 304 - "http://localhost:3000/" "Mozilla/5.0 (Windows NT 10.0; Win64; x64) AppleWebKit/537.36 (KHTML, like Gecko) Chrome/98.0.4758.102 Safari/537.36"
::1 - - [26/Feb/2022:10:09:27 +0000] "GET /api/v1/users/logout HTTP/1.1" 304 - "http://localhost:3000/" "Mozilla/5.0 (Windows NT 10.0; Win64; x64) AppleWebKit/537.36 (KHTML, like Gecko) Chrome/98.0.4758.102 Safari/537.36"
::1 - - [26/Feb/2022:10:09:34 +0000] "POST /api/v1/users/login HTTP/1.1" 200 436 "http://localhost:3000/" "Mozilla/5.0 (Windows NT 10.0; Win64; x64) AppleWebKit/537.36 (KHTML, like Gecko) Chrome/98.0.4758.102 Safari/537.36"
::1 - - [26/Feb/2022:10:09:35 +0000] "GET /api/v1/books?limit=8 HTTP/1.1" 304 - "http://localhost:3000/" "Mozilla/5.0 (Windows NT 10.0; Win64; x64) AppleWebKit/537.36 (KHTML, like Gecko) Chrome/98.0.4758.102 Safari/537.36"
::1 - - [26/Feb/2022:10:09:36 +0000] "GET /api/v1/users/logout HTTP/1.1" 304 - "http://localhost:3000/" "Mozilla/5.0 (Windows NT 10.0; Win64; x64) AppleWebKit/537.36 (KHTML, like Gecko) Chrome/98.0.4758.102 Safari/537.36"
::1 - - [26/Feb/2022:10:09:43 +0000] "GET /api/v1/books?limit=8 HTTP/1.1" 304 - "http://localhost:3000/" "Mozilla/5.0 (Windows NT 10.0; Win64; x64) AppleWebKit/537.36 (KHTML, like Gecko) Chrome/98.0.4758.102 Safari/537.36"
::1 - - [26/Feb/2022:10:09:44 +0000] "GET /api/v1/books/620cca5f50acce379ea99216 HTTP/1.1" 304 - "http://localhost:3000/" "Mozilla/5.0 (Windows NT 10.0; Win64; x64) AppleWebKit/537.36 (KHTML, like Gecko) Chrome/98.0.4758.102 Safari/537.36"
::1 - - [26/Feb/2022:10:09:45 +0000] "DELETE /api/v1/books/620cca5f50acce379ea99216 HTTP/1.1" 401 157 "http://localhost:3000/" "Mozilla/5.0 (Windows NT 10.0; Win64; x64) AppleWebKit/537.36 (KHTML, like Gecko) Chrome/98.0.4758.102 Safari/537.36"
::1 - - [26/Feb/2022:10:09:54 +0000] "GET /api/v1/books?limit=8 HTTP/1.1" 304 - "http://localhost:3000/" "Mozilla/5.0 (Windows NT 10.0; Win64; x64) AppleWebKit/537.36 (KHTML, like Gecko) Chrome/98.0.4758.102 Safari/537.36"
::1 - - [28/Feb/2022:05:44:51 +0000] "GET / HTTP/1.1" 404 139 "-" "Mozilla/5.0 (Windows NT 10.0; Win64; x64) AppleWebKit/537.36 (KHTML, like Gecko) Chrome/98.0.4758.102 Safari/537.36"
::1 - - [28/Feb/2022:05:44:54 +0000] "GET / HTTP/1.1" 404 139 "-" "Mozilla/5.0 (Windows NT 10.0; Win64; x64) AppleWebKit/537.36 (KHTML, like Gecko) Chrome/98.0.4758.102 Safari/537.36"
::1 - - [28/Feb/2022:05:44:56 +0000] "GET / HTTP/1.1" 404 139 "-" "Mozilla/5.0 (Windows NT 10.0; Win64; x64) AppleWebKit/537.36 (KHTML, like Gecko) Chrome/98.0.4758.102 Safari/537.36"
::1 - - [06/Mar/2022:07:57:42 +0000] "GET /api/v1/foods HTTP/1.1" 200 3462 "-" "PostmanRuntime/7.29.0"
::1 - - [06/Mar/2022:07:58:06 +0000] "GET /api/v1/food/6224679c4bc3d71d9d55f8b3 HTTP/1.1" 404 175 "-" "PostmanRuntime/7.29.0"
::1 - - [06/Mar/2022:07:58:17 +0000] "GET /api/v1/6224679c4bc3d71d9d55f8b3 HTTP/1.1" 404 170 "-" "PostmanRuntime/7.29.0"
::1 - - [06/Mar/2022:08:03:02 +0000] "GET /api/v1/foods/6224679c4bc3d71d9d55f8b3 HTTP/1.1" 200 1072 "-" "PostmanRuntime/7.29.0"
::1 - - [06/Mar/2022:08:04:47 +0000] "PUT /api/v1/foods/6224679c4bc3d71d9d55f8b3 HTTP/1.1" 401 157 "-" "PostmanRuntime/7.29.0"
::1 - - [06/Mar/2022:08:05:04 +0000] "POST /api/v1/users/login HTTP/1.1" 200 436 "-" "PostmanRuntime/7.29.0"
::1 - - [06/Mar/2022:08:05:11 +0000] "PUT /api/v1/foods/6224679c4bc3d71d9d55f8b3 HTTP/1.1" 401 157 "-" "PostmanRuntime/7.29.0"
::1 - - [06/Mar/2022:08:05:12 +0000] "PUT /api/v1/foods/6224679c4bc3d71d9d55f8b3 HTTP/1.1" 401 157 "-" "PostmanRuntime/7.29.0"
::1 - - [06/Mar/2022:08:05:13 +0000] "PUT /api/v1/foods/6224679c4bc3d71d9d55f8b3 HTTP/1.1" 401 157 "-" "PostmanRuntime/7.29.0"
::1 - - [06/Mar/2022:08:05:14 +0000] "PUT /api/v1/foods/6224679c4bc3d71d9d55f8b3 HTTP/1.1" 401 157 "-" "PostmanRuntime/7.29.0"
::1 - - [06/Mar/2022:08:06:06 +0000] "PUT /api/v1/foods/6224679c4bc3d71d9d55f8b3 HTTP/1.1" 200 1072 "-" "PostmanRuntime/7.29.0"
::1 - - [06/Mar/2022:08:06:39 +0000] "PUT /api/v1/users/5ea5723aab227a55b42f6e75 HTTP/1.1" 400 125 "-" "PostmanRuntime/7.29.0"
::1 - - [06/Mar/2022:08:06:57 +0000] "PUT /api/v1/categories/5e90434cd433fa11b078ed8a HTTP/1.1" 500 80 "-" "PostmanRuntime/7.29.0"
::1 - - [06/Mar/2022:08:07:10 +0000] "GET /api/v1/categories/5e90434cd433fa11b078ed8a HTTP/1.1" 400 115 "-" "PostmanRuntime/7.29.0"
::1 - - [06/Mar/2022:08:07:19 +0000] "GET /api/v1/categories HTTP/1.1" 200 1252 "-" "PostmanRuntime/7.29.0"
::1 - - [06/Mar/2022:08:07:32 +0000] "PUT /api/v1/foods/6224679c4bc3d71d9d55f8b3 HTTP/1.1" 500 80 "-" "PostmanRuntime/7.29.0"
::1 - - [06/Mar/2022:08:07:48 +0000] "PUT /api/v1/users/5ea5723aab227a55b42f6e75 HTTP/1.1" 500 80 "-" "PostmanRuntime/7.29.0"
::1 - - [06/Mar/2022:08:08:48 +0000] "PUT /api/v1/foods/6224679c4bc3d71d9d55f8b3 HTTP/1.1" 500 80 "-" "PostmanRuntime/7.29.0"
::1 - - [06/Mar/2022:08:08:49 +0000] "PUT /api/v1/foods/6224679c4bc3d71d9d55f8b3 HTTP/1.1" 500 80 "-" "PostmanRuntime/7.29.0"
::1 - - [06/Mar/2022:08:08:50 +0000] "PUT /api/v1/foods/6224679c4bc3d71d9d55f8b3 HTTP/1.1" 500 80 "-" "PostmanRuntime/7.29.0"
::1 - - [06/Mar/2022:08:08:51 +0000] "PUT /api/v1/foods/6224679c4bc3d71d9d55f8b3 HTTP/1.1" 500 80 "-" "PostmanRuntime/7.29.0"
::1 - - [06/Mar/2022:08:08:52 +0000] "PUT /api/v1/foods/6224679c4bc3d71d9d55f8b3 HTTP/1.1" 500 80 "-" "PostmanRuntime/7.29.0"
::1 - - [06/Mar/2022:08:08:54 +0000] "PUT /api/v1/foods/6224679c4bc3d71d9d55f8b3 HTTP/1.1" 500 80 "-" "PostmanRuntime/7.29.0"
::1 - - [06/Mar/2022:08:18:42 +0000] "PUT /api/v1/foods/6224679c4bc3d71d9d55f8b3 HTTP/1.1" 500 80 "-" "PostmanRuntime/7.29.0"
::1 - - [06/Mar/2022:08:18:49 +0000] "POST /api/v1/users/login HTTP/1.1" 200 436 "-" "PostmanRuntime/7.29.0"
::1 - - [06/Mar/2022:08:18:57 +0000] "GET /api/v1/users HTTP/1.1" 200 504 "-" "PostmanRuntime/7.29.0"
::1 - - [06/Mar/2022:08:19:22 +0000] "PUT /api/v1/users/620b7bc4c3ee37ae7bdaf240 HTTP/1.1" 500 80 "-" "PostmanRuntime/7.29.0"
::1 - - [06/Mar/2022:08:19:25 +0000] "PUT /api/v1/users/620b7bc4c3ee37ae7bdaf240 HTTP/1.1" 500 80 "-" "PostmanRuntime/7.29.0"
::1 - - [06/Mar/2022:08:21:52 +0000] "PUT /api/v1/users/620b7bc4c3ee37ae7bdaf240 HTTP/1.1" 500 80 "-" "PostmanRuntime/7.29.0"
::1 - - [06/Mar/2022:08:37:06 +0000] "GET /api/v1/users/logout HTTP/1.1" 200 40 "-" "PostmanRuntime/7.29.0"
::1 - - [06/Mar/2022:08:37:12 +0000] "POST /api/v1/users/login HTTP/1.1" 200 436 "-" "PostmanRuntime/7.29.0"
::1 - - [06/Mar/2022:08:37:27 +0000] "PUT /api/v1/foods/6224679c4bc3d71d9d55f8b3 HTTP/1.1" 200 1072 "-" "PostmanRuntime/7.29.0"
::1 - - [06/Mar/2022:08:38:12 +0000] "PUT /api/v1/foods/6224679c4bc3d71d9d55f8b3 HTTP/1.1" 200 1072 "-" "PostmanRuntime/7.29.0"
::1 - - [06/Mar/2022:08:38:37 +0000] "PUT /api/v1/foods/6224679c4bc3d71d9d55f8b3 HTTP/1.1" 200 1072 "-" "PostmanRuntime/7.29.0"
::1 - - [06/Mar/2022:08:38:39 +0000] "PUT /api/v1/foods/6224679c4bc3d71d9d55f8b3 HTTP/1.1" 200 1072 "-" "PostmanRuntime/7.29.0"
::1 - - [06/Mar/2022:08:38:55 +0000] "PUT /api/v1/foods/6224679c4bc3d71d9d55f8b3 HTTP/1.1" 200 1072 "-" "PostmanRuntime/7.29.0"
::1 - - [06/Mar/2022:08:38:56 +0000] "PUT /api/v1/foods/6224679c4bc3d71d9d55f8b3 HTTP/1.1" 200 1072 "-" "PostmanRuntime/7.29.0"
::1 - - [06/Mar/2022:08:39:35 +0000] "PUT /api/v1/foods/6224679c4bc3d71d9d55f8b3 HTTP/1.1" 200 1066 "-" "PostmanRuntime/7.29.0"
::1 - - [06/Mar/2022:08:39:50 +0000] "PUT /api/v1/foods/6224679c4bc3d71d9d55f8b3 HTTP/1.1" 200 1062 "-" "PostmanRuntime/7.29.0"
::1 - - [06/Mar/2022:08:40:24 +0000] "GET /api/v1/categories HTTP/1.1" 200 1252 "-" "PostmanRuntime/7.29.0"
::1 - - [06/Mar/2022:08:41:02 +0000] "GET /api/v1/categories/62076b9c55fb1175fe77fe34/foods HTTP/1.1" 200 3239 "-" "PostmanRuntime/7.29.0"
::1 - - [06/Mar/2022:08:42:21 +0000] "GET /api/v1/categories/62076b9c55fb1175fe77fe34/foods HTTP/1.1" 200 2200 "-" "PostmanRuntime/7.29.0"
::1 - - [06/Mar/2022:08:43:46 +0000] "GET /api/v1/categories/62076b9c55fb1175fe77fe34/foods HTTP/1.1" 200 1151 "-" "PostmanRuntime/7.29.0"
::1 - - [07/Mar/2022:10:14:55 +0000] "GET /api/v1/foods HTTP/1.1" 200 3454 "-" "PostmanRuntime/7.29.0"
::1 - - [07/Mar/2022:10:19:20 +0000] "GET /api/v1/foods HTTP/1.1" 200 3454 "-" "PostmanRuntime/7.29.0"
::1 - - [07/Mar/2022:10:22:41 +0000] "GET /api/v1/foods HTTP/1.1" 200 3454 "http://localhost:3000/" "Mozilla/5.0 (Windows NT 10.0; Win64; x64) AppleWebKit/537.36 (KHTML, like Gecko) Chrome/99.0.4844.51 Safari/537.36"
::1 - - [07/Mar/2022:10:29:03 +0000] "GET /api/v1/foods HTTP/1.1" 304 - "http://localhost:3000/" "Mozilla/5.0 (Windows NT 10.0; Win64; x64) AppleWebKit/537.36 (KHTML, like Gecko) Chrome/99.0.4844.51 Safari/537.36"
::1 - - [07/Mar/2022:10:29:33 +0000] "GET /api/v1/foods HTTP/1.1" 304 - "http://localhost:3000/" "Mozilla/5.0 (Windows NT 10.0; Win64; x64) AppleWebKit/537.36 (KHTML, like Gecko) Chrome/99.0.4844.51 Safari/537.36"
::1 - - [07/Mar/2022:10:34:02 +0000] "GET /api/v1/foods HTTP/1.1" 304 - "http://localhost:3000/" "Mozilla/5.0 (Windows NT 10.0; Win64; x64) AppleWebKit/537.36 (KHTML, like Gecko) Chrome/99.0.4844.51 Safari/537.36"
::1 - - [07/Mar/2022:10:34:06 +0000] "GET /api/v1/foods HTTP/1.1" 304 - "http://localhost:3000/" "Mozilla/5.0 (Windows NT 10.0; Win64; x64) AppleWebKit/537.36 (KHTML, like Gecko) Chrome/99.0.4844.51 Safari/537.36"
::1 - - [07/Mar/2022:10:34:23 +0000] "GET /api/v1/foods HTTP/1.1" 304 - "http://localhost:3000/" "Mozilla/5.0 (Windows NT 10.0; Win64; x64) AppleWebKit/537.36 (KHTML, like Gecko) Chrome/99.0.4844.51 Safari/537.36"
::1 - - [07/Mar/2022:10:34:30 +0000] "GET /api/v1/foods HTTP/1.1" 304 - "http://localhost:3000/" "Mozilla/5.0 (Windows NT 10.0; Win64; x64) AppleWebKit/537.36 (KHTML, like Gecko) Chrome/99.0.4844.51 Safari/537.36"
::1 - - [07/Mar/2022:10:36:24 +0000] "GET /api/v1/foods HTTP/1.1" 304 - "http://localhost:3000/" "Mozilla/5.0 (Windows NT 10.0; Win64; x64) AppleWebKit/537.36 (KHTML, like Gecko) Chrome/99.0.4844.51 Safari/537.36"
::1 - - [07/Mar/2022:10:36:26 +0000] "GET /api/v1/foods HTTP/1.1" 304 - "http://localhost:3000/" "Mozilla/5.0 (Windows NT 10.0; Win64; x64) AppleWebKit/537.36 (KHTML, like Gecko) Chrome/99.0.4844.51 Safari/537.36"
::1 - - [07/Mar/2022:10:36:41 +0000] "GET /api/v1/foods HTTP/1.1" 304 - "http://localhost:3000/" "Mozilla/5.0 (Windows NT 10.0; Win64; x64) AppleWebKit/537.36 (KHTML, like Gecko) Chrome/99.0.4844.51 Safari/537.36"
::1 - - [07/Mar/2022:10:36:46 +0000] "GET /api/v1/foods HTTP/1.1" 304 - "http://localhost:3000/" "Mozilla/5.0 (Windows NT 10.0; Win64; x64) AppleWebKit/537.36 (KHTML, like Gecko) Chrome/99.0.4844.51 Safari/537.36"
::1 - - [07/Mar/2022:10:36:48 +0000] "GET /api/v1/foods HTTP/1.1" 304 - "http://localhost:3000/" "Mozilla/5.0 (Windows NT 10.0; Win64; x64) AppleWebKit/537.36 (KHTML, like Gecko) Chrome/99.0.4844.51 Safari/537.36"
::1 - - [07/Mar/2022:10:39:44 +0000] "GET /api/v1/foods HTTP/1.1" 304 - "http://localhost:3000/" "Mozilla/5.0 (Windows NT 10.0; Win64; x64) AppleWebKit/537.36 (KHTML, like Gecko) Chrome/99.0.4844.51 Safari/537.36"
::1 - - [07/Mar/2022:10:52:02 +0000] "GET /api/v1/foods HTTP/1.1" 304 - "http://localhost:3000/" "Mozilla/5.0 (Windows NT 10.0; Win64; x64) AppleWebKit/537.36 (KHTML, like Gecko) Chrome/99.0.4844.51 Safari/537.36"
::1 - - [07/Mar/2022:10:52:13 +0000] "GET /api/v1/foods HTTP/1.1" 304 - "http://localhost:3000/" "Mozilla/5.0 (Windows NT 10.0; Win64; x64) AppleWebKit/537.36 (KHTML, like Gecko) Chrome/99.0.4844.51 Safari/537.36"
::1 - - [07/Mar/2022:10:53:00 +0000] "GET /api/v1/foods HTTP/1.1" 304 - "http://localhost:3000/" "Mozilla/5.0 (Windows NT 10.0; Win64; x64) AppleWebKit/537.36 (KHTML, like Gecko) Chrome/99.0.4844.51 Safari/537.36"
::1 - - [07/Mar/2022:10:54:20 +0000] "GET /api/v1/foods HTTP/1.1" 304 - "http://localhost:3000/" "Mozilla/5.0 (Windows NT 10.0; Win64; x64) AppleWebKit/537.36 (KHTML, like Gecko) Chrome/99.0.4844.51 Safari/537.36"
::1 - - [07/Mar/2022:10:54:52 +0000] "GET /api/v1/foods HTTP/1.1" 304 - "http://localhost:3000/" "Mozilla/5.0 (Windows NT 10.0; Win64; x64) AppleWebKit/537.36 (KHTML, like Gecko) Chrome/99.0.4844.51 Safari/537.36"
::1 - - [07/Mar/2022:10:55:01 +0000] "GET /api/v1/foods HTTP/1.1" 304 - "http://localhost:3000/" "Mozilla/5.0 (Windows NT 10.0; Win64; x64) AppleWebKit/537.36 (KHTML, like Gecko) Chrome/99.0.4844.51 Safari/537.36"
::1 - - [07/Mar/2022:10:56:21 +0000] "GET /api/v1/foods HTTP/1.1" 304 - "http://localhost:3000/" "Mozilla/5.0 (Windows NT 10.0; Win64; x64) AppleWebKit/537.36 (KHTML, like Gecko) Chrome/99.0.4844.51 Safari/537.36"
::1 - - [07/Mar/2022:10:56:46 +0000] "GET /api/v1/foods HTTP/1.1" 304 - "http://localhost:3000/" "Mozilla/5.0 (Windows NT 10.0; Win64; x64) AppleWebKit/537.36 (KHTML, like Gecko) Chrome/99.0.4844.51 Safari/537.36"
::1 - - [07/Mar/2022:10:56:59 +0000] "GET /api/v1/foods HTTP/1.1" 304 - "http://localhost:3000/" "Mozilla/5.0 (Windows NT 10.0; Win64; x64) AppleWebKit/537.36 (KHTML, like Gecko) Chrome/99.0.4844.51 Safari/537.36"
::1 - - [07/Mar/2022:10:57:12 +0000] "GET /api/v1/foods HTTP/1.1" 304 - "http://localhost:3000/" "Mozilla/5.0 (Windows NT 10.0; Win64; x64) AppleWebKit/537.36 (KHTML, like Gecko) Chrome/99.0.4844.51 Safari/537.36"
::1 - - [07/Mar/2022:11:02:10 +0000] "GET /api/v1/foods HTTP/1.1" 304 - "http://localhost:3000/" "Mozilla/5.0 (Windows NT 10.0; Win64; x64) AppleWebKit/537.36 (KHTML, like Gecko) Chrome/99.0.4844.51 Safari/537.36"
::1 - - [07/Mar/2022:11:02:38 +0000] "GET /api/v1/foods HTTP/1.1" 304 - "http://localhost:3000/" "Mozilla/5.0 (Windows NT 10.0; Win64; x64) AppleWebKit/537.36 (KHTML, like Gecko) Chrome/99.0.4844.51 Safari/537.36"
::1 - - [07/Mar/2022:11:02:51 +0000] "GET /api/v1/foods HTTP/1.1" 304 - "http://localhost:3000/" "Mozilla/5.0 (Windows NT 10.0; Win64; x64) AppleWebKit/537.36 (KHTML, like Gecko) Chrome/99.0.4844.51 Safari/537.36"
::1 - - [07/Mar/2022:11:03:28 +0000] "GET /api/v1/foods HTTP/1.1" 304 - "http://localhost:3000/" "Mozilla/5.0 (Windows NT 10.0; Win64; x64) AppleWebKit/537.36 (KHTML, like Gecko) Chrome/99.0.4844.51 Safari/537.36"
::1 - - [07/Mar/2022:11:04:06 +0000] "GET /api/v1/foods HTTP/1.1" 304 - "http://localhost:3000/" "Mozilla/5.0 (Windows NT 10.0; Win64; x64) AppleWebKit/537.36 (KHTML, like Gecko) Chrome/99.0.4844.51 Safari/537.36"
::1 - - [07/Mar/2022:11:04:32 +0000] "GET /api/v1/foods HTTP/1.1" 304 - "http://localhost:3000/" "Mozilla/5.0 (Windows NT 10.0; Win64; x64) AppleWebKit/537.36 (KHTML, like Gecko) Chrome/99.0.4844.51 Safari/537.36"
::1 - - [07/Mar/2022:11:05:21 +0000] "GET /api/v1/foods HTTP/1.1" 304 - "http://localhost:3000/" "Mozilla/5.0 (Windows NT 10.0; Win64; x64) AppleWebKit/537.36 (KHTML, like Gecko) Chrome/99.0.4844.51 Safari/537.36"
::1 - - [07/Mar/2022:11:05:42 +0000] "GET /api/v1/foods HTTP/1.1" 304 - "http://localhost:3000/" "Mozilla/5.0 (Windows NT 10.0; Win64; x64) AppleWebKit/537.36 (KHTML, like Gecko) Chrome/99.0.4844.51 Safari/537.36"
::1 - - [07/Mar/2022:11:07:01 +0000] "GET /api/v1/foods HTTP/1.1" 304 - "http://localhost:3000/" "Mozilla/5.0 (Windows NT 10.0; Win64; x64) AppleWebKit/537.36 (KHTML, like Gecko) Chrome/99.0.4844.51 Safari/537.36"
::1 - - [07/Mar/2022:11:08:35 +0000] "GET /api/v1/foods HTTP/1.1" 304 - "http://localhost:3000/" "Mozilla/5.0 (Windows NT 10.0; Win64; x64) AppleWebKit/537.36 (KHTML, like Gecko) Chrome/99.0.4844.51 Safari/537.36"
::1 - - [07/Mar/2022:11:08:40 +0000] "GET /api/v1/foods HTTP/1.1" 304 - "http://localhost:3000/" "Mozilla/5.0 (Windows NT 10.0; Win64; x64) AppleWebKit/537.36 (KHTML, like Gecko) Chrome/99.0.4844.51 Safari/537.36"
::1 - - [07/Mar/2022:11:08:42 +0000] "GET /api/v1/foods HTTP/1.1" 304 - "http://localhost:3000/" "Mozilla/5.0 (Windows NT 10.0; Win64; x64) AppleWebKit/537.36 (KHTML, like Gecko) Chrome/99.0.4844.51 Safari/537.36"
