::1 - - [08/Mar/2022:05:28:45 +0000] "GET /api/v1/foods HTTP/1.1" 304 - "http://localhost:3000/" "Mozilla/5.0 (Windows NT 10.0; Win64; x64) AppleWebKit/537.36 (KHTML, like Gecko) Chrome/99.0.4844.51 Safari/537.36"
::1 - - [08/Mar/2022:05:29:19 +0000] "GET /api/v1/foods HTTP/1.1" 304 - "http://localhost:3000/" "Mozilla/5.0 (Windows NT 10.0; Win64; x64) AppleWebKit/537.36 (KHTML, like Gecko) Chrome/99.0.4844.51 Safari/537.36"
::1 - - [08/Mar/2022:05:29:27 +0000] "GET /api/v1/foods HTTP/1.1" 304 - "http://localhost:3000/" "Mozilla/5.0 (Windows NT 10.0; Win64; x64) AppleWebKit/537.36 (KHTML, like Gecko) Chrome/99.0.4844.51 Safari/537.36"
::1 - - [08/Mar/2022:05:29:30 +0000] "GET /api/v1/foods HTTP/1.1" 304 - "http://localhost:3000/" "Mozilla/5.0 (Windows NT 10.0; Win64; x64) AppleWebKit/537.36 (KHTML, like Gecko) Chrome/99.0.4844.51 Safari/537.36"
::1 - - [08/Mar/2022:05:31:25 +0000] "GET /api/v1/foods HTTP/1.1" 304 - "http://localhost:3000/" "Mozilla/5.0 (Windows NT 10.0; Win64; x64) AppleWebKit/537.36 (KHTML, like Gecko) Chrome/99.0.4844.51 Safari/537.36"
::1 - - [08/Mar/2022:05:31:27 +0000] "GET /api/v1/foods HTTP/1.1" - - "http://localhost:3000/" "Mozilla/5.0 (Windows NT 10.0; Win64; x64) AppleWebKit/537.36 (KHTML, like Gecko) Chrome/99.0.4844.51 Safari/537.36"
::1 - - [08/Mar/2022:05:31:28 +0000] "GET /api/v1/foods HTTP/1.1" 200 3454 "http://localhost:3000/" "Mozilla/5.0 (Windows NT 10.0; Win64; x64) AppleWebKit/537.36 (KHTML, like Gecko) Chrome/99.0.4844.51 Safari/537.36"
::1 - - [08/Mar/2022:05:33:41 +0000] "GET /api/v1/foods HTTP/1.1" 304 - "http://localhost:3000/" "Mozilla/5.0 (Windows NT 10.0; Win64; x64) AppleWebKit/537.36 (KHTML, like Gecko) Chrome/99.0.4844.51 Safari/537.36"
::1 - - [08/Mar/2022:05:33:56 +0000] "GET /api/v1/foods HTTP/1.1" 304 - "http://localhost:3000/" "Mozilla/5.0 (Windows NT 10.0; Win64; x64) AppleWebKit/537.36 (KHTML, like Gecko) Chrome/99.0.4844.51 Safari/537.36"
::1 - - [08/Mar/2022:05:34:07 +0000] "GET /api/v1/foods HTTP/1.1" 304 - "http://localhost:3000/" "Mozilla/5.0 (Windows NT 10.0; Win64; x64) AppleWebKit/537.36 (KHTML, like Gecko) Chrome/99.0.4844.51 Safari/537.36"
::1 - - [08/Mar/2022:05:34:14 +0000] "GET /api/v1/foods HTTP/1.1" 304 - "http://localhost:3000/" "Mozilla/5.0 (Windows NT 10.0; Win64; x64) AppleWebKit/537.36 (KHTML, like Gecko) Chrome/99.0.4844.51 Safari/537.36"
::1 - - [08/Mar/2022:05:34:50 +0000] "GET /api/v1/foods HTTP/1.1" 304 - "http://localhost:3000/" "Mozilla/5.0 (Windows NT 10.0; Win64; x64) AppleWebKit/537.36 (KHTML, like Gecko) Chrome/99.0.4844.51 Safari/537.36"
::1 - - [08/Mar/2022:05:37:24 +0000] "GET /api/v1/foods HTTP/1.1" 304 - "http://localhost:3000/" "Mozilla/5.0 (Windows NT 10.0; Win64; x64) AppleWebKit/537.36 (KHTML, like Gecko) Chrome/99.0.4844.51 Safari/537.36"
::1 - - [08/Mar/2022:05:37:28 +0000] "GET /api/v1/foods HTTP/1.1" 304 - "http://localhost:3000/" "Mozilla/5.0 (Windows NT 10.0; Win64; x64) AppleWebKit/537.36 (KHTML, like Gecko) Chrome/99.0.4844.51 Safari/537.36"
::1 - - [08/Mar/2022:05:45:11 +0000] "GET /api/v1/foods HTTP/1.1" 200 5715 "http://localhost:3000/" "Mozilla/5.0 (Windows NT 10.0; Win64; x64) AppleWebKit/537.36 (KHTML, like Gecko) Chrome/99.0.4844.51 Safari/537.36"
::1 - - [08/Mar/2022:05:45:38 +0000] "GET /api/v1/foods HTTP/1.1" 200 5715 "-" "PostmanRuntime/7.29.0"
::1 - - [08/Mar/2022:05:46:50 +0000] "GET /api/v1/foods HTTP/1.1" 304 - "http://localhost:3000/" "Mozilla/5.0 (Windows NT 10.0; Win64; x64) AppleWebKit/537.36 (KHTML, like Gecko) Chrome/99.0.4844.51 Safari/537.36"
::1 - - [08/Mar/2022:05:46:52 +0000] "GET /api/v1/foods HTTP/1.1" 304 - "http://localhost:3000/" "Mozilla/5.0 (Windows NT 10.0; Win64; x64) AppleWebKit/537.36 (KHTML, like Gecko) Chrome/99.0.4844.51 Safari/537.36"
::1 - - [08/Mar/2022:05:47:21 +0000] "GET /api/v1/foods HTTP/1.1" 200 7943 "http://localhost:3000/" "Mozilla/5.0 (Windows NT 10.0; Win64; x64) AppleWebKit/537.36 (KHTML, like Gecko) Chrome/99.0.4844.51 Safari/537.36"
::1 - - [08/Mar/2022:05:47:36 +0000] "GET /api/v1/foods HTTP/1.1" 304 - "http://localhost:3000/" "Mozilla/5.0 (Windows NT 10.0; Win64; x64) AppleWebKit/537.36 (KHTML, like Gecko) Chrome/99.0.4844.51 Safari/537.36"
::1 - - [08/Mar/2022:05:47:55 +0000] "GET /api/v1/foods HTTP/1.1" 304 - "http://localhost:3000/" "Mozilla/5.0 (Windows NT 10.0; Win64; x64) AppleWebKit/537.36 (KHTML, like Gecko) Chrome/99.0.4844.51 Safari/537.36"
::1 - - [08/Mar/2022:05:48:02 +0000] "GET /api/v1/foods HTTP/1.1" 304 - "http://localhost:3000/" "Mozilla/5.0 (Windows NT 10.0; Win64; x64) AppleWebKit/537.36 (KHTML, like Gecko) Chrome/99.0.4844.51 Safari/537.36"
::1 - - [08/Mar/2022:05:48:32 +0000] "GET /api/v1/foods HTTP/1.1" 304 - "http://localhost:3000/" "Mozilla/5.0 (Windows NT 10.0; Win64; x64) AppleWebKit/537.36 (KHTML, like Gecko) Chrome/99.0.4844.51 Safari/537.36"
::1 - - [08/Mar/2022:05:48:50 +0000] "GET /api/v1/foods HTTP/1.1" 304 - "http://localhost:3000/" "Mozilla/5.0 (Windows NT 10.0; Win64; x64) AppleWebKit/537.36 (KHTML, like Gecko) Chrome/99.0.4844.51 Safari/537.36"
::1 - - [08/Mar/2022:05:48:54 +0000] "GET /api/v1/foods HTTP/1.1" 304 - "http://localhost:3000/" "Mozilla/5.0 (Windows NT 10.0; Win64; x64) AppleWebKit/537.36 (KHTML, like Gecko) Chrome/99.0.4844.51 Safari/537.36"
::1 - - [08/Mar/2022:05:49:00 +0000] "GET /api/v1/foods HTTP/1.1" 304 - "http://localhost:3000/" "Mozilla/5.0 (Windows NT 10.0; Win64; x64) AppleWebKit/537.36 (KHTML, like Gecko) Chrome/99.0.4844.51 Safari/537.36"
::1 - - [08/Mar/2022:05:49:23 +0000] "GET /api/v1/foods HTTP/1.1" 304 - "http://localhost:3000/" "Mozilla/5.0 (Windows NT 10.0; Win64; x64) AppleWebKit/537.36 (KHTML, like Gecko) Chrome/99.0.4844.51 Safari/537.36"
::1 - - [08/Mar/2022:05:50:27 +0000] "GET /api/v1/foods HTTP/1.1" 304 - "http://localhost:3000/" "Mozilla/5.0 (Windows NT 10.0; Win64; x64) AppleWebKit/537.36 (KHTML, like Gecko) Chrome/99.0.4844.51 Safari/537.36"
::1 - - [08/Mar/2022:05:50:47 +0000] "GET /api/v1/foods HTTP/1.1" 304 - "http://localhost:3000/" "Mozilla/5.0 (Windows NT 10.0; Win64; x64) AppleWebKit/537.36 (KHTML, like Gecko) Chrome/99.0.4844.51 Safari/537.36"
::1 - - [08/Mar/2022:05:51:03 +0000] "GET /api/v1/foods HTTP/1.1" 304 - "http://localhost:3000/" "Mozilla/5.0 (Windows NT 10.0; Win64; x64) AppleWebKit/537.36 (KHTML, like Gecko) Chrome/99.0.4844.51 Safari/537.36"
::1 - - [08/Mar/2022:05:51:08 +0000] "GET /api/v1/foods HTTP/1.1" 304 - "http://localhost:3000/" "Mozilla/5.0 (Windows NT 10.0; Win64; x64) AppleWebKit/537.36 (KHTML, like Gecko) Chrome/99.0.4844.51 Safari/537.36"
::1 - - [08/Mar/2022:05:51:16 +0000] "GET /api/v1/foods HTTP/1.1" 304 - "http://localhost:3000/" "Mozilla/5.0 (Windows NT 10.0; Win64; x64) AppleWebKit/537.36 (KHTML, like Gecko) Chrome/99.0.4844.51 Safari/537.36"
::1 - - [08/Mar/2022:05:51:22 +0000] "GET /api/v1/foods HTTP/1.1" 304 - "http://localhost:3000/" "Mozilla/5.0 (Windows NT 10.0; Win64; x64) AppleWebKit/537.36 (KHTML, like Gecko) Chrome/99.0.4844.51 Safari/537.36"
::1 - - [08/Mar/2022:05:52:49 +0000] "GET /api/v1/foods HTTP/1.1" 304 - "http://localhost:3000/" "Mozilla/5.0 (Windows NT 10.0; Win64; x64) AppleWebKit/537.36 (KHTML, like Gecko) Chrome/99.0.4844.51 Safari/537.36"
::1 - - [08/Mar/2022:05:53:10 +0000] "GET /api/v1/foods HTTP/1.1" 304 - "http://localhost:3000/" "Mozilla/5.0 (Windows NT 10.0; Win64; x64) AppleWebKit/537.36 (KHTML, like Gecko) Chrome/99.0.4844.51 Safari/537.36"
::1 - - [08/Mar/2022:05:53:29 +0000] "GET /api/v1/foods HTTP/1.1" 304 - "http://localhost:3000/" "Mozilla/5.0 (Windows NT 10.0; Win64; x64) AppleWebKit/537.36 (KHTML, like Gecko) Chrome/99.0.4844.51 Safari/537.36"
::1 - - [08/Mar/2022:05:53:42 +0000] "GET /api/v1/foods HTTP/1.1" 304 - "http://localhost:3000/" "Mozilla/5.0 (Windows NT 10.0; Win64; x64) AppleWebKit/537.36 (KHTML, like Gecko) Chrome/99.0.4844.51 Safari/537.36"
::1 - - [08/Mar/2022:05:54:06 +0000] "GET /api/v1/foods HTTP/1.1" 304 - "http://localhost:3000/" "Mozilla/5.0 (Windows NT 10.0; Win64; x64) AppleWebKit/537.36 (KHTML, like Gecko) Chrome/99.0.4844.51 Safari/537.36"
::1 - - [08/Mar/2022:06:00:24 +0000] "GET /api/v1/foods HTTP/1.1" 200 7943 "-" "PostmanRuntime/7.29.0"
::1 - - [08/Mar/2022:06:00:31 +0000] "GET /api/v1/foods HTTP/1.1" 200 7943 "http://localhost:3000/" "Mozilla/5.0 (Windows NT 10.0; Win64; x64) AppleWebKit/537.36 (KHTML, like Gecko) Chrome/99.0.4844.51 Safari/537.36"
::1 - - [08/Mar/2022:06:04:38 +0000] "GET /api/v1/foods HTTP/1.1" 304 - "http://localhost:3000/" "Mozilla/5.0 (Windows NT 10.0; Win64; x64) AppleWebKit/537.36 (KHTML, like Gecko) Chrome/99.0.4844.51 Safari/537.36"
::1 - - [08/Mar/2022:06:04:42 +0000] "GET /api/v1/foods HTTP/1.1" 304 - "http://localhost:3000/" "Mozilla/5.0 (Windows NT 10.0; Win64; x64) AppleWebKit/537.36 (KHTML, like Gecko) Chrome/99.0.4844.51 Safari/537.36"
::1 - - [08/Mar/2022:06:04:49 +0000] "GET /api/v1/foods HTTP/1.1" 304 - "http://localhost:3000/" "Mozilla/5.0 (Windows NT 10.0; Win64; x64) AppleWebKit/537.36 (KHTML, like Gecko) Chrome/99.0.4844.51 Safari/537.36"
::1 - - [08/Mar/2022:06:04:52 +0000] "GET /api/v1/foods HTTP/1.1" 304 - "http://localhost:3000/" "Mozilla/5.0 (Windows NT 10.0; Win64; x64) AppleWebKit/537.36 (KHTML, like Gecko) Chrome/99.0.4844.51 Safari/537.36"
::1 - - [08/Mar/2022:06:05:39 +0000] "GET /api/v1/foods HTTP/1.1" 304 - "http://localhost:3000/" "Mozilla/5.0 (Windows NT 10.0; Win64; x64) AppleWebKit/537.36 (KHTML, like Gecko) Chrome/99.0.4844.51 Safari/537.36"
::1 - - [08/Mar/2022:06:06:18 +0000] "GET /api/v1/foods HTTP/1.1" 304 - "http://localhost:3000/" "Mozilla/5.0 (Windows NT 10.0; Win64; x64) AppleWebKit/537.36 (KHTML, like Gecko) Chrome/99.0.4844.51 Safari/537.36"
::1 - - [08/Mar/2022:06:06:53 +0000] "GET /api/v1/foods HTTP/1.1" 304 - "http://localhost:3000/" "Mozilla/5.0 (Windows NT 10.0; Win64; x64) AppleWebKit/537.36 (KHTML, like Gecko) Chrome/99.0.4844.51 Safari/537.36"
::1 - - [08/Mar/2022:06:06:59 +0000] "GET /api/v1/foods HTTP/1.1" - - "http://localhost:3000/" "Mozilla/5.0 (Windows NT 10.0; Win64; x64) AppleWebKit/537.36 (KHTML, like Gecko) Chrome/99.0.4844.51 Safari/537.36"
::1 - - [08/Mar/2022:06:07:00 +0000] "GET /api/v1/foods HTTP/1.1" 200 7943 "http://localhost:3000/" "Mozilla/5.0 (Windows NT 10.0; Win64; x64) AppleWebKit/537.36 (KHTML, like Gecko) Chrome/99.0.4844.51 Safari/537.36"
::1 - - [08/Mar/2022:06:07:01 +0000] "GET /api/v1/foods HTTP/1.1" - - "http://localhost:3000/" "Mozilla/5.0 (Windows NT 10.0; Win64; x64) AppleWebKit/537.36 (KHTML, like Gecko) Chrome/99.0.4844.51 Safari/537.36"
::1 - - [08/Mar/2022:06:07:01 +0000] "GET /api/v1/foods HTTP/1.1" - - "http://localhost:3000/" "Mozilla/5.0 (Windows NT 10.0; Win64; x64) AppleWebKit/537.36 (KHTML, like Gecko) Chrome/99.0.4844.51 Safari/537.36"
::1 - - [08/Mar/2022:06:07:02 +0000] "GET /api/v1/foods HTTP/1.1" - - "http://localhost:3000/" "Mozilla/5.0 (Windows NT 10.0; Win64; x64) AppleWebKit/537.36 (KHTML, like Gecko) Chrome/99.0.4844.51 Safari/537.36"
::1 - - [08/Mar/2022:06:07:02 +0000] "GET /api/v1/foods HTTP/1.1" 200 7943 "http://localhost:3000/" "Mozilla/5.0 (Windows NT 10.0; Win64; x64) AppleWebKit/537.36 (KHTML, like Gecko) Chrome/99.0.4844.51 Safari/537.36"
::1 - - [08/Mar/2022:06:08:30 +0000] "GET /api/v1/foods HTTP/1.1" 304 - "http://localhost:3000/" "Mozilla/5.0 (Windows NT 10.0; Win64; x64) AppleWebKit/537.36 (KHTML, like Gecko) Chrome/99.0.4844.51 Safari/537.36"
::1 - - [08/Mar/2022:06:08:35 +0000] "GET /api/v1/foods HTTP/1.1" 304 - "http://localhost:3000/" "Mozilla/5.0 (Windows NT 10.0; Win64; x64) AppleWebKit/537.36 (KHTML, like Gecko) Chrome/99.0.4844.51 Safari/537.36"
::1 - - [08/Mar/2022:06:08:44 +0000] "GET /api/v1/foods HTTP/1.1" 304 - "http://localhost:3000/" "Mozilla/5.0 (Windows NT 10.0; Win64; x64) AppleWebKit/537.36 (KHTML, like Gecko) Chrome/99.0.4844.51 Safari/537.36"
::1 - - [08/Mar/2022:06:08:52 +0000] "GET /api/v1/foods HTTP/1.1" 304 - "http://localhost:3000/" "Mozilla/5.0 (Windows NT 10.0; Win64; x64) AppleWebKit/537.36 (KHTML, like Gecko) Chrome/99.0.4844.51 Safari/537.36"
::1 - - [08/Mar/2022:06:09:17 +0000] "GET /api/v1/foods HTTP/1.1" 304 - "http://localhost:3000/" "Mozilla/5.0 (Windows NT 10.0; Win64; x64) AppleWebKit/537.36 (KHTML, like Gecko) Chrome/99.0.4844.51 Safari/537.36"
::1 - - [08/Mar/2022:06:09:23 +0000] "GET /api/v1/foods HTTP/1.1" 304 - "http://localhost:3000/" "Mozilla/5.0 (Windows NT 10.0; Win64; x64) AppleWebKit/537.36 (KHTML, like Gecko) Chrome/99.0.4844.51 Safari/537.36"
::1 - - [08/Mar/2022:06:09:31 +0000] "GET /api/v1/foods HTTP/1.1" 304 - "http://localhost:3000/" "Mozilla/5.0 (Windows NT 10.0; Win64; x64) AppleWebKit/537.36 (KHTML, like Gecko) Chrome/99.0.4844.51 Safari/537.36"
::1 - - [08/Mar/2022:06:09:50 +0000] "GET /api/v1/foods HTTP/1.1" 304 - "http://localhost:3000/" "Mozilla/5.0 (Windows NT 10.0; Win64; x64) AppleWebKit/537.36 (KHTML, like Gecko) Chrome/99.0.4844.51 Safari/537.36"
::1 - - [08/Mar/2022:06:10:00 +0000] "GET /api/v1/foods HTTP/1.1" 304 - "http://localhost:3000/" "Mozilla/5.0 (Windows NT 10.0; Win64; x64) AppleWebKit/537.36 (KHTML, like Gecko) Chrome/99.0.4844.51 Safari/537.36"
::1 - - [08/Mar/2022:06:10:06 +0000] "GET /api/v1/foods HTTP/1.1" 304 - "http://localhost:3000/" "Mozilla/5.0 (Windows NT 10.0; Win64; x64) AppleWebKit/537.36 (KHTML, like Gecko) Chrome/99.0.4844.51 Safari/537.36"
::1 - - [08/Mar/2022:06:10:45 +0000] "GET /api/v1/foods HTTP/1.1" 304 - "http://localhost:3000/" "Mozilla/5.0 (Windows NT 10.0; Win64; x64) AppleWebKit/537.36 (KHTML, like Gecko) Chrome/99.0.4844.51 Safari/537.36"
::1 - - [08/Mar/2022:06:10:52 +0000] "GET /api/v1/foods HTTP/1.1" 304 - "http://localhost:3000/" "Mozilla/5.0 (Windows NT 10.0; Win64; x64) AppleWebKit/537.36 (KHTML, like Gecko) Chrome/99.0.4844.51 Safari/537.36"
::1 - - [08/Mar/2022:06:11:05 +0000] "GET /api/v1/foods HTTP/1.1" 304 - "http://localhost:3000/" "Mozilla/5.0 (Windows NT 10.0; Win64; x64) AppleWebKit/537.36 (KHTML, like Gecko) Chrome/99.0.4844.51 Safari/537.36"
::1 - - [08/Mar/2022:06:16:12 +0000] "GET /api/v1/foods HTTP/1.1" 304 - "http://localhost:3000/" "Mozilla/5.0 (Windows NT 10.0; Win64; x64) AppleWebKit/537.36 (KHTML, like Gecko) Chrome/99.0.4844.51 Safari/537.36"
::1 - - [08/Mar/2022:06:16:45 +0000] "GET /api/v1/foods HTTP/1.1" 304 - "http://localhost:3000/" "Mozilla/5.0 (Windows NT 10.0; Win64; x64) AppleWebKit/537.36 (KHTML, like Gecko) Chrome/99.0.4844.51 Safari/537.36"
::1 - - [08/Mar/2022:06:18:33 +0000] "GET /api/v1/foods HTTP/1.1" 304 - "http://localhost:3000/" "Mozilla/5.0 (Windows NT 10.0; Win64; x64) AppleWebKit/537.36 (KHTML, like Gecko) Chrome/99.0.4844.51 Safari/537.36"
::1 - - [08/Mar/2022:06:18:45 +0000] "GET /api/v1/foods HTTP/1.1" 304 - "http://localhost:3000/" "Mozilla/5.0 (Windows NT 10.0; Win64; x64) AppleWebKit/537.36 (KHTML, like Gecko) Chrome/99.0.4844.51 Safari/537.36"
::1 - - [08/Mar/2022:06:19:29 +0000] "GET /api/v1/foods HTTP/1.1" 304 - "http://localhost:3000/" "Mozilla/5.0 (Windows NT 10.0; Win64; x64) AppleWebKit/537.36 (KHTML, like Gecko) Chrome/99.0.4844.51 Safari/537.36"
::1 - - [08/Mar/2022:06:21:48 +0000] "GET /api/v1/foods HTTP/1.1" 304 - "http://localhost:3000/" "Mozilla/5.0 (Windows NT 10.0; Win64; x64) AppleWebKit/537.36 (KHTML, like Gecko) Chrome/99.0.4844.51 Safari/537.36"
::1 - - [08/Mar/2022:06:22:50 +0000] "GET /api/v1/foods HTTP/1.1" 304 - "http://localhost:3000/" "Mozilla/5.0 (Windows NT 10.0; Win64; x64) AppleWebKit/537.36 (KHTML, like Gecko) Chrome/99.0.4844.51 Safari/537.36"
::1 - - [08/Mar/2022:06:23:16 +0000] "GET /api/v1/foods HTTP/1.1" 304 - "http://localhost:3000/" "Mozilla/5.0 (Windows NT 10.0; Win64; x64) AppleWebKit/537.36 (KHTML, like Gecko) Chrome/99.0.4844.51 Safari/537.36"
::1 - - [08/Mar/2022:06:24:35 +0000] "GET /api/v1/foods HTTP/1.1" 304 - "http://localhost:3000/" "Mozilla/5.0 (Windows NT 10.0; Win64; x64) AppleWebKit/537.36 (KHTML, like Gecko) Chrome/99.0.4844.51 Safari/537.36"
::1 - - [08/Mar/2022:06:24:39 +0000] "GET /api/v1/foods HTTP/1.1" 304 - "http://localhost:3000/" "Mozilla/5.0 (Windows NT 10.0; Win64; x64) AppleWebKit/537.36 (KHTML, like Gecko) Chrome/99.0.4844.51 Safari/537.36"
::1 - - [08/Mar/2022:06:35:47 +0000] "POST /api/v1/users/login HTTP/1.1" 500 97 "http://localhost:3000/" "Mozilla/5.0 (Windows NT 10.0; Win64; x64) AppleWebKit/537.36 (KHTML, like Gecko) Chrome/99.0.4844.51 Safari/537.36"
::1 - - [08/Mar/2022:06:35:50 +0000] "POST /api/v1/users/login HTTP/1.1" 500 97 "http://localhost:3000/" "Mozilla/5.0 (Windows NT 10.0; Win64; x64) AppleWebKit/537.36 (KHTML, like Gecko) Chrome/99.0.4844.51 Safari/537.36"
::1 - - [08/Mar/2022:06:35:51 +0000] "POST /api/v1/users/login HTTP/1.1" 500 97 "http://localhost:3000/" "Mozilla/5.0 (Windows NT 10.0; Win64; x64) AppleWebKit/537.36 (KHTML, like Gecko) Chrome/99.0.4844.51 Safari/537.36"
::1 - - [08/Mar/2022:06:36:06 +0000] "POST /api/v1/users/login HTTP/1.1" 500 97 "http://localhost:3000/" "Mozilla/5.0 (Windows NT 10.0; Win64; x64) AppleWebKit/537.36 (KHTML, like Gecko) Chrome/99.0.4844.51 Safari/537.36"
::1 - - [08/Mar/2022:06:36:12 +0000] "POST /api/v1/users/login HTTP/1.1" 500 97 "http://localhost:3000/" "Mozilla/5.0 (Windows NT 10.0; Win64; x64) AppleWebKit/537.36 (KHTML, like Gecko) Chrome/99.0.4844.51 Safari/537.36"
::1 - - [08/Mar/2022:06:36:13 +0000] "POST /api/v1/users/login HTTP/1.1" 500 97 "http://localhost:3000/" "Mozilla/5.0 (Windows NT 10.0; Win64; x64) AppleWebKit/537.36 (KHTML, like Gecko) Chrome/99.0.4844.51 Safari/537.36"
::1 - - [08/Mar/2022:06:36:29 +0000] "GET /api/v1/users/logout HTTP/1.1" 200 40 "-" "PostmanRuntime/7.29.0"
::1 - - [08/Mar/2022:06:37:02 +0000] "POST /api/v1/users/login HTTP/1.1" 500 97 "http://localhost:3000/" "Mozilla/5.0 (Windows NT 10.0; Win64; x64) AppleWebKit/537.36 (KHTML, like Gecko) Chrome/99.0.4844.51 Safari/537.36"
::1 - - [08/Mar/2022:06:37:05 +0000] "POST /api/v1/users/login HTTP/1.1" 500 97 "http://localhost:3000/" "Mozilla/5.0 (Windows NT 10.0; Win64; x64) AppleWebKit/537.36 (KHTML, like Gecko) Chrome/99.0.4844.51 Safari/537.36"
::1 - - [08/Mar/2022:06:42:23 +0000] "POST /api/v1/users/login HTTP/1.1" 500 97 "http://localhost:3000/" "Mozilla/5.0 (Windows NT 10.0; Win64; x64) AppleWebKit/537.36 (KHTML, like Gecko) Chrome/99.0.4844.51 Safari/537.36"
::1 - - [08/Mar/2022:06:42:28 +0000] "POST /api/v1/users/login HTTP/1.1" 500 97 "http://localhost:3000/" "Mozilla/5.0 (Windows NT 10.0; Win64; x64) AppleWebKit/537.36 (KHTML, like Gecko) Chrome/99.0.4844.51 Safari/537.36"
::1 - - [08/Mar/2022:06:42:30 +0000] "POST /api/v1/users/login HTTP/1.1" 500 97 "http://localhost:3000/" "Mozilla/5.0 (Windows NT 10.0; Win64; x64) AppleWebKit/537.36 (KHTML, like Gecko) Chrome/99.0.4844.51 Safari/537.36"
::1 - - [08/Mar/2022:06:43:56 +0000] "POST /api/v1/users/login HTTP/1.1" 200 436 "-" "PostmanRuntime/7.29.0"
::1 - - [08/Mar/2022:06:44:03 +0000] "GET /api/v1/users/logout HTTP/1.1" 200 40 "-" "PostmanRuntime/7.29.0"
::1 - - [08/Mar/2022:06:45:56 +0000] "POST /api/v1/users/login HTTP/1.1" 200 436 "http://localhost:3000/" "Mozilla/5.0 (Windows NT 10.0; Win64; x64) AppleWebKit/537.36 (KHTML, like Gecko) Chrome/99.0.4844.51 Safari/537.36"
::1 - - [08/Mar/2022:06:45:56 +0000] "GET /api/v1/books?limit=8 HTTP/1.1" 404 151 "http://localhost:3000/" "Mozilla/5.0 (Windows NT 10.0; Win64; x64) AppleWebKit/537.36 (KHTML, like Gecko) Chrome/99.0.4844.51 Safari/537.36"
::1 - - [08/Mar/2022:06:46:00 +0000] "POST /api/v1/users/login HTTP/1.1" 200 436 "http://localhost:3000/" "Mozilla/5.0 (Windows NT 10.0; Win64; x64) AppleWebKit/537.36 (KHTML, like Gecko) Chrome/99.0.4844.51 Safari/537.36"
::1 - - [08/Mar/2022:06:46:00 +0000] "GET /api/v1/books?limit=8 HTTP/1.1" 404 151 "http://localhost:3000/" "Mozilla/5.0 (Windows NT 10.0; Win64; x64) AppleWebKit/537.36 (KHTML, like Gecko) Chrome/99.0.4844.51 Safari/537.36"
::1 - - [08/Mar/2022:06:46:31 +0000] "GET /api/v1/users/logout HTTP/1.1" 200 40 "http://localhost:3000/" "Mozilla/5.0 (Windows NT 10.0; Win64; x64) AppleWebKit/537.36 (KHTML, like Gecko) Chrome/99.0.4844.51 Safari/537.36"
::1 - - [08/Mar/2022:06:46:37 +0000] "GET /api/v1/users/logout HTTP/1.1" 304 - "http://localhost:3000/" "Mozilla/5.0 (Windows NT 10.0; Win64; x64) AppleWebKit/537.36 (KHTML, like Gecko) Chrome/99.0.4844.51 Safari/537.36"
::1 - - [08/Mar/2022:06:46:39 +0000] "GET /api/v1/books?limit=8 HTTP/1.1" 404 151 "http://localhost:3000/" "Mozilla/5.0 (Windows NT 10.0; Win64; x64) AppleWebKit/537.36 (KHTML, like Gecko) Chrome/99.0.4844.51 Safari/537.36"
::1 - - [08/Mar/2022:06:50:10 +0000] "POST /api/v1/users/login HTTP/1.1" 500 97 "http://localhost:3000/" "Mozilla/5.0 (Windows NT 10.0; Win64; x64) AppleWebKit/537.36 (KHTML, like Gecko) Chrome/99.0.4844.51 Safari/537.36"
::1 - - [08/Mar/2022:06:52:09 +0000] "POST /api/v1/users/login HTTP/1.1" 500 97 "http://localhost:3000/" "Mozilla/5.0 (Windows NT 10.0; Win64; x64) AppleWebKit/537.36 (KHTML, like Gecko) Chrome/99.0.4844.51 Safari/537.36"
::1 - - [08/Mar/2022:06:52:13 +0000] "POST /api/v1/users/login HTTP/1.1" 500 97 "http://localhost:3000/" "Mozilla/5.0 (Windows NT 10.0; Win64; x64) AppleWebKit/537.36 (KHTML, like Gecko) Chrome/99.0.4844.51 Safari/537.36"
::1 - - [08/Mar/2022:06:55:19 +0000] "POST /api/v1/users/login HTTP/1.1" 200 436 "http://localhost:3000/" "Mozilla/5.0 (Windows NT 10.0; Win64; x64) AppleWebKit/537.36 (KHTML, like Gecko) Chrome/99.0.4844.51 Safari/537.36"
::1 - - [08/Mar/2022:06:55:20 +0000] "GET /api/v1/foods HTTP/1.1" 304 - "http://localhost:3000/" "Mozilla/5.0 (Windows NT 10.0; Win64; x64) AppleWebKit/537.36 (KHTML, like Gecko) Chrome/99.0.4844.51 Safari/537.36"
::1 - - [08/Mar/2022:06:57:27 +0000] "GET /api/v1/users/logout HTTP/1.1" 200 40 "-" "PostmanRuntime/7.29.0"
::1 - - [08/Mar/2022:06:57:32 +0000] "GET /api/v1/foods HTTP/1.1" 304 - "http://localhost:3000/" "Mozilla/5.0 (Windows NT 10.0; Win64; x64) AppleWebKit/537.36 (KHTML, like Gecko) Chrome/99.0.4844.51 Safari/537.36"
::1 - - [08/Mar/2022:06:57:42 +0000] "GET /api/v1/foods HTTP/1.1" 304 - "http://localhost:3000/" "Mozilla/5.0 (Windows NT 10.0; Win64; x64) AppleWebKit/537.36 (KHTML, like Gecko) Chrome/99.0.4844.51 Safari/537.36"
::1 - - [08/Mar/2022:06:57:58 +0000] "GET /api/v1/foods HTTP/1.1" 200 7943 "-" "PostmanRuntime/7.29.0"
::1 - - [08/Mar/2022:06:58:25 +0000] "POST /api/v1/users/login HTTP/1.1" 200 436 "http://localhost:3000/" "Mozilla/5.0 (Windows NT 10.0; Win64; x64) AppleWebKit/537.36 (KHTML, like Gecko) Chrome/99.0.4844.51 Safari/537.36"
::1 - - [08/Mar/2022:06:58:25 +0000] "GET /api/v1/foods HTTP/1.1" 304 - "http://localhost:3000/" "Mozilla/5.0 (Windows NT 10.0; Win64; x64) AppleWebKit/537.36 (KHTML, like Gecko) Chrome/99.0.4844.51 Safari/537.36"
::1 - - [08/Mar/2022:06:58:51 +0000] "POST /api/v1/users/login HTTP/1.1" 200 436 "http://localhost:3000/" "Mozilla/5.0 (Windows NT 10.0; Win64; x64) AppleWebKit/537.36 (KHTML, like Gecko) Chrome/99.0.4844.51 Safari/537.36"
::1 - - [08/Mar/2022:06:58:51 +0000] "GET /api/v1/foods HTTP/1.1" 304 - "http://localhost:3000/" "Mozilla/5.0 (Windows NT 10.0; Win64; x64) AppleWebKit/537.36 (KHTML, like Gecko) Chrome/99.0.4844.51 Safari/537.36"
::1 - - [08/Mar/2022:07:01:03 +0000] "GET /api/v1/users/logout HTTP/1.1" 200 40 "-" "PostmanRuntime/7.29.0"
::1 - - [08/Mar/2022:07:01:16 +0000] "POST /api/v1/users/login HTTP/1.1" 200 436 "http://localhost:3000/" "Mozilla/5.0 (Windows NT 10.0; Win64; x64) AppleWebKit/537.36 (KHTML, like Gecko) Chrome/99.0.4844.51 Safari/537.36"
::1 - - [08/Mar/2022:07:01:16 +0000] "GET /api/v1/foods HTTP/1.1" 304 - "http://localhost:3000/" "Mozilla/5.0 (Windows NT 10.0; Win64; x64) AppleWebKit/537.36 (KHTML, like Gecko) Chrome/99.0.4844.51 Safari/537.36"
::1 - - [08/Mar/2022:07:02:03 +0000] "GET /api/v1/users/logout HTTP/1.1" 200 40 "-" "PostmanRuntime/7.29.0"
::1 - - [08/Mar/2022:07:02:24 +0000] "POST /api/v1/users/login HTTP/1.1" 401 123 "http://localhost:3000/" "Mozilla/5.0 (Windows NT 10.0; Win64; x64) AppleWebKit/537.36 (KHTML, like Gecko) Chrome/99.0.4844.51 Safari/537.36"
::1 - - [08/Mar/2022:07:02:32 +0000] "POST /api/v1/users/login HTTP/1.1" 200 436 "http://localhost:3000/" "Mozilla/5.0 (Windows NT 10.0; Win64; x64) AppleWebKit/537.36 (KHTML, like Gecko) Chrome/99.0.4844.51 Safari/537.36"
::1 - - [08/Mar/2022:07:02:32 +0000] "GET /api/v1/foods HTTP/1.1" 304 - "http://localhost:3000/" "Mozilla/5.0 (Windows NT 10.0; Win64; x64) AppleWebKit/537.36 (KHTML, like Gecko) Chrome/99.0.4844.51 Safari/537.36"
::1 - - [08/Mar/2022:07:03:17 +0000] "GET /api/v1/foods HTTP/1.1" 304 - "http://localhost:3000/" "Mozilla/5.0 (Windows NT 10.0; Win64; x64) AppleWebKit/537.36 (KHTML, like Gecko) Chrome/99.0.4844.51 Safari/537.36"
::1 - - [08/Mar/2022:07:03:35 +0000] "POST /api/v1/users/login HTTP/1.1" 200 436 "http://localhost:3000/" "Mozilla/5.0 (Windows NT 10.0; Win64; x64) AppleWebKit/537.36 (KHTML, like Gecko) Chrome/99.0.4844.51 Safari/537.36"
::1 - - [08/Mar/2022:07:06:51 +0000] "GET /api/v1/foods HTTP/1.1" 304 - "http://localhost:3000/" "Mozilla/5.0 (Windows NT 10.0; Win64; x64) AppleWebKit/537.36 (KHTML, like Gecko) Chrome/99.0.4844.51 Safari/537.36"
::1 - - [08/Mar/2022:07:09:43 +0000] "POST /api/v1/users/login HTTP/1.1" 500 97 "http://localhost:3000/" "Mozilla/5.0 (Windows NT 10.0; Win64; x64) AppleWebKit/537.36 (KHTML, like Gecko) Chrome/99.0.4844.51 Safari/537.36"
::1 - - [08/Mar/2022:07:09:47 +0000] "POST /api/v1/users/login HTTP/1.1" 500 97 "http://localhost:3000/" "Mozilla/5.0 (Windows NT 10.0; Win64; x64) AppleWebKit/537.36 (KHTML, like Gecko) Chrome/99.0.4844.51 Safari/537.36"
::1 - - [08/Mar/2022:07:09:50 +0000] "POST /api/v1/users/login HTTP/1.1" 500 97 "http://localhost:3000/" "Mozilla/5.0 (Windows NT 10.0; Win64; x64) AppleWebKit/537.36 (KHTML, like Gecko) Chrome/99.0.4844.51 Safari/537.36"
::1 - - [08/Mar/2022:07:09:51 +0000] "POST /api/v1/users/login HTTP/1.1" 500 97 "http://localhost:3000/" "Mozilla/5.0 (Windows NT 10.0; Win64; x64) AppleWebKit/537.36 (KHTML, like Gecko) Chrome/99.0.4844.51 Safari/537.36"
::1 - - [08/Mar/2022:07:09:53 +0000] "POST /api/v1/users/login HTTP/1.1" 500 97 "http://localhost:3000/" "Mozilla/5.0 (Windows NT 10.0; Win64; x64) AppleWebKit/537.36 (KHTML, like Gecko) Chrome/99.0.4844.51 Safari/537.36"
::1 - - [08/Mar/2022:07:09:58 +0000] "POST /api/v1/users/login HTTP/1.1" 500 97 "http://localhost:3000/" "Mozilla/5.0 (Windows NT 10.0; Win64; x64) AppleWebKit/537.36 (KHTML, like Gecko) Chrome/99.0.4844.51 Safari/537.36"
::1 - - [08/Mar/2022:07:12:32 +0000] "POST /api/v1/users/login HTTP/1.1" 200 436 "http://localhost:3000/" "Mozilla/5.0 (Windows NT 10.0; Win64; x64) AppleWebKit/537.36 (KHTML, like Gecko) Chrome/99.0.4844.51 Safari/537.36"
::1 - - [08/Mar/2022:07:12:44 +0000] "POST /api/v1/users/login HTTP/1.1" 200 436 "http://localhost:3000/" "Mozilla/5.0 (Windows NT 10.0; Win64; x64) AppleWebKit/537.36 (KHTML, like Gecko) Chrome/99.0.4844.51 Safari/537.36"
::1 - - [08/Mar/2022:07:15:24 +0000] "POST /api/v1/users/login HTTP/1.1" 200 436 "http://localhost:3000/" "Mozilla/5.0 (Windows NT 10.0; Win64; x64) AppleWebKit/537.36 (KHTML, like Gecko) Chrome/99.0.4844.51 Safari/537.36"
::1 - - [08/Mar/2022:07:15:59 +0000] "POST /api/v1/users/login HTTP/1.1" - - "http://localhost:3000/" "Mozilla/5.0 (Windows NT 10.0; Win64; x64) AppleWebKit/537.36 (KHTML, like Gecko) Chrome/99.0.4844.51 Safari/537.36"
::1 - - [08/Mar/2022:07:16:02 +0000] "POST /api/v1/users/login HTTP/1.1" 200 436 "http://localhost:3000/" "Mozilla/5.0 (Windows NT 10.0; Win64; x64) AppleWebKit/537.36 (KHTML, like Gecko) Chrome/99.0.4844.51 Safari/537.36"
::1 - - [08/Mar/2022:07:16:50 +0000] "POST /api/v1/users/login HTTP/1.1" 200 436 "http://localhost:3000/" "Mozilla/5.0 (Windows NT 10.0; Win64; x64) AppleWebKit/537.36 (KHTML, like Gecko) Chrome/99.0.4844.51 Safari/537.36"
::1 - - [08/Mar/2022:07:17:01 +0000] "POST /api/v1/users/login HTTP/1.1" 200 436 "http://localhost:3000/" "Mozilla/5.0 (Windows NT 10.0; Win64; x64) AppleWebKit/537.36 (KHTML, like Gecko) Chrome/99.0.4844.51 Safari/537.36"
::1 - - [08/Mar/2022:07:26:02 +0000] "GET /api/v1/foods HTTP/1.1" 304 - "http://localhost:3000/" "Mozilla/5.0 (Windows NT 10.0; Win64; x64) AppleWebKit/537.36 (KHTML, like Gecko) Chrome/99.0.4844.51 Safari/537.36"
::1 - - [08/Mar/2022:07:36:16 +0000] "GET /api/v1/foods HTTP/1.1" 304 - "http://localhost:3000/" "Mozilla/5.0 (Windows NT 10.0; Win64; x64) AppleWebKit/537.36 (KHTML, like Gecko) Chrome/99.0.4844.51 Safari/537.36"
::1 - - [08/Mar/2022:07:45:44 +0000] "GET /api/v1/foods HTTP/1.1" 304 - "http://localhost:3000/" "Mozilla/5.0 (Windows NT 10.0; Win64; x64) AppleWebKit/537.36 (KHTML, like Gecko) Chrome/99.0.4844.51 Safari/537.36"
::1 - - [08/Mar/2022:07:52:18 +0000] "GET /api/v1/foods HTTP/1.1" 304 - "http://localhost:3000/" "Mozilla/5.0 (Windows NT 10.0; Win64; x64) AppleWebKit/537.36 (KHTML, like Gecko) Chrome/99.0.4844.51 Safari/537.36"
::1 - - [08/Mar/2022:07:55:26 +0000] "GET /api/v1/foods HTTP/1.1" 304 - "http://localhost:3000/" "Mozilla/5.0 (Windows NT 10.0; Win64; x64) AppleWebKit/537.36 (KHTML, like Gecko) Chrome/99.0.4844.51 Safari/537.36"
::1 - - [08/Mar/2022:08:02:57 +0000] "GET /api/v1/foods HTTP/1.1" 304 - "http://localhost:3000/" "Mozilla/5.0 (Windows NT 10.0; Win64; x64) AppleWebKit/537.36 (KHTML, like Gecko) Chrome/99.0.4844.51 Safari/537.36"
::1 - - [08/Mar/2022:08:03:01 +0000] "GET /api/v1/foods HTTP/1.1" 304 - "http://localhost:3000/" "Mozilla/5.0 (Windows NT 10.0; Win64; x64) AppleWebKit/537.36 (KHTML, like Gecko) Chrome/99.0.4844.51 Safari/537.36"
::1 - - [08/Mar/2022:08:08:23 +0000] "GET /api/v1/foods HTTP/1.1" 304 - "http://localhost:3000/" "Mozilla/5.0 (Windows NT 10.0; Win64; x64) AppleWebKit/537.36 (KHTML, like Gecko) Chrome/99.0.4844.51 Safari/537.36"
::1 - - [08/Mar/2022:08:08:24 +0000] "GET /api/v1/foods HTTP/1.1" 304 - "http://localhost:3000/" "Mozilla/5.0 (Windows NT 10.0; Win64; x64) AppleWebKit/537.36 (KHTML, like Gecko) Chrome/99.0.4844.51 Safari/537.36"
::1 - - [08/Mar/2022:08:08:32 +0000] "GET /api/v1/users/logout HTTP/1.1" 304 - "http://localhost:3000/" "Mozilla/5.0 (Windows NT 10.0; Win64; x64) AppleWebKit/537.36 (KHTML, like Gecko) Chrome/99.0.4844.51 Safari/537.36"
::1 - - [08/Mar/2022:08:09:26 +0000] "POST /api/v1/users/login HTTP/1.1" 200 436 "http://localhost:3000/" "Mozilla/5.0 (Linux; Android 6.0; Nexus 5 Build/MRA58N) AppleWebKit/537.36 (KHTML, like Gecko) Chrome/99.0.4844.51 Mobile Safari/537.36"
::1 - - [08/Mar/2022:08:10:31 +0000] "PUT /api/v1/foods/6226ed53d85d2b192c66ffa4 HTTP/1.1" 500 80 "-" "PostmanRuntime/7.29.0"
::1 - - [08/Mar/2022:08:10:33 +0000] "PUT /api/v1/foods/6226ed53d85d2b192c66ffa4 HTTP/1.1" 500 80 "-" "PostmanRuntime/7.29.0"
::1 - - [08/Mar/2022:08:10:45 +0000] "GET /api/v1/users/logout HTTP/1.1" 304 - "http://localhost:3000/" "Mozilla/5.0 (Linux; Android 6.0; Nexus 5 Build/MRA58N) AppleWebKit/537.36 (KHTML, like Gecko) Chrome/99.0.4844.51 Mobile Safari/537.36"
::1 - - [08/Mar/2022:08:10:48 +0000] "PUT /api/v1/foods/6226ed53d85d2b192c66ffa4 HTTP/1.1" 500 80 "-" "PostmanRuntime/7.29.0"
::1 - - [08/Mar/2022:08:10:52 +0000] "POST /api/v1/users/login HTTP/1.1" 200 436 "http://localhost:3000/" "Mozilla/5.0 (Linux; Android 6.0; Nexus 5 Build/MRA58N) AppleWebKit/537.36 (KHTML, like Gecko) Chrome/99.0.4844.51 Mobile Safari/537.36"
::1 - - [08/Mar/2022:08:10:55 +0000] "PUT /api/v1/foods/6226ed53d85d2b192c66ffa4 HTTP/1.1" 500 80 "-" "PostmanRuntime/7.29.0"
::1 - - [08/Mar/2022:08:10:56 +0000] "PUT /api/v1/foods/6226ed53d85d2b192c66ffa4 HTTP/1.1" 500 80 "-" "PostmanRuntime/7.29.0"
::1 - - [08/Mar/2022:08:10:56 +0000] "PUT /api/v1/foods/6226ed53d85d2b192c66ffa4 HTTP/1.1" 500 80 "-" "PostmanRuntime/7.29.0"
::1 - - [08/Mar/2022:08:10:57 +0000] "PUT /api/v1/foods/6226ed53d85d2b192c66ffa4 HTTP/1.1" 500 80 "-" "PostmanRuntime/7.29.0"
::1 - - [08/Mar/2022:08:10:58 +0000] "PUT /api/v1/foods/6226ed53d85d2b192c66ffa4 HTTP/1.1" 500 80 "-" "PostmanRuntime/7.29.0"
::1 - - [08/Mar/2022:08:10:59 +0000] "PUT /api/v1/foods/6226ed53d85d2b192c66ffa4 HTTP/1.1" 500 80 "-" "PostmanRuntime/7.29.0"
::1 - - [08/Mar/2022:08:10:59 +0000] "PUT /api/v1/foods/6226ed53d85d2b192c66ffa4 HTTP/1.1" 500 80 "-" "PostmanRuntime/7.29.0"
::1 - - [08/Mar/2022:08:11:03 +0000] "POST /api/v1/users/login HTTP/1.1" 200 436 "-" "PostmanRuntime/7.29.0"
::1 - - [08/Mar/2022:08:11:07 +0000] "PUT /api/v1/foods/6226ed53d85d2b192c66ffa4 HTTP/1.1" 200 1063 "-" "PostmanRuntime/7.29.0"
::1 - - [08/Mar/2022:08:11:58 +0000] "GET /api/v1/users/logout HTTP/1.1" 304 - "http://localhost:3000/" "Mozilla/5.0 (Linux; Android 6.0; Nexus 5 Build/MRA58N) AppleWebKit/537.36 (KHTML, like Gecko) Chrome/99.0.4844.51 Mobile Safari/537.36"
::1 - - [08/Mar/2022:08:12:09 +0000] "POST /api/v1/users/login HTTP/1.1" 200 436 "http://localhost:3000/" "Mozilla/5.0 (Linux; Android 6.0; Nexus 5 Build/MRA58N) AppleWebKit/537.36 (KHTML, like Gecko) Chrome/99.0.4844.51 Mobile Safari/537.36"
::1 - - [08/Mar/2022:08:12:11 +0000] "GET /api/v1/users/logout HTTP/1.1" 304 - "http://localhost:3000/" "Mozilla/5.0 (Linux; Android 6.0; Nexus 5 Build/MRA58N) AppleWebKit/537.36 (KHTML, like Gecko) Chrome/99.0.4844.51 Mobile Safari/537.36"
::1 - - [08/Mar/2022:08:12:22 +0000] "POST /api/v1/users/login HTTP/1.1" 200 436 "http://localhost:3000/" "Mozilla/5.0 (Linux; Android 6.0; Nexus 5 Build/MRA58N) AppleWebKit/537.36 (KHTML, like Gecko) Chrome/99.0.4844.51 Mobile Safari/537.36"
::1 - - [08/Mar/2022:08:12:29 +0000] "GET /api/v1/users/logout HTTP/1.1" 304 - "http://localhost:3000/" "Mozilla/5.0 (Linux; Android 6.0; Nexus 5 Build/MRA58N) AppleWebKit/537.36 (KHTML, like Gecko) Chrome/99.0.4844.51 Mobile Safari/537.36"
::1 - - [08/Mar/2022:08:15:43 +0000] "POST /api/v1/users/login HTTP/1.1" 200 436 "http://localhost:3000/" "Mozilla/5.0 (Windows NT 10.0; Win64; x64) AppleWebKit/537.36 (KHTML, like Gecko) Chrome/99.0.4844.51 Safari/537.36"
::1 - - [08/Mar/2022:08:15:47 +0000] "GET /api/v1/users/logout HTTP/1.1" 304 - "http://localhost:3000/" "Mozilla/5.0 (Windows NT 10.0; Win64; x64) AppleWebKit/537.36 (KHTML, like Gecko) Chrome/99.0.4844.51 Safari/537.36"
::1 - - [08/Mar/2022:08:15:52 +0000] "GET /api/v1/users/logout HTTP/1.1" 304 - "http://localhost:3000/" "Mozilla/5.0 (Windows NT 10.0; Win64; x64) AppleWebKit/537.36 (KHTML, like Gecko) Chrome/99.0.4844.51 Safari/537.36"
::1 - - [08/Mar/2022:08:24:54 +0000] "GET /api/v1/foods HTTP/1.1" 200 7934 "http://localhost:3000/" "Mozilla/5.0 (Windows NT 10.0; Win64; x64) AppleWebKit/537.36 (KHTML, like Gecko) Chrome/99.0.4844.51 Safari/537.36"
::1 - - [08/Mar/2022:08:54:24 +0000] "POST /api/v1/users/login HTTP/1.1" 200 436 "http://localhost:3000/" "Mozilla/5.0 (Windows NT 10.0; Win64; x64) AppleWebKit/537.36 (KHTML, like Gecko) Chrome/99.0.4844.51 Safari/537.36"
::1 - - [08/Mar/2022:08:54:27 +0000] "GET /api/v1/users/logout HTTP/1.1" 304 - "http://localhost:3000/" "Mozilla/5.0 (Windows NT 10.0; Win64; x64) AppleWebKit/537.36 (KHTML, like Gecko) Chrome/99.0.4844.51 Safari/537.36"
::1 - - [08/Mar/2022:08:54:35 +0000] "GET /api/v1/foods HTTP/1.1" 304 - "http://localhost:3000/" "Mozilla/5.0 (Windows NT 10.0; Win64; x64) AppleWebKit/537.36 (KHTML, like Gecko) Chrome/99.0.4844.51 Safari/537.36"
::1 - - [08/Mar/2022:08:54:42 +0000] "GET /api/v1/foods HTTP/1.1" 304 - "http://localhost:3000/" "Mozilla/5.0 (Windows NT 10.0; Win64; x64) AppleWebKit/537.36 (KHTML, like Gecko) Chrome/99.0.4844.51 Safari/537.36"
::1 - - [08/Mar/2022:09:09:17 +0000] "GET /api/v1/foods HTTP/1.1" 304 - "http://localhost:3000/" "Mozilla/5.0 (Windows NT 10.0; Win64; x64) AppleWebKit/537.36 (KHTML, like Gecko) Chrome/99.0.4844.51 Safari/537.36"
::1 - - [08/Mar/2022:09:11:50 +0000] "GET /api/v1/foods HTTP/1.1" 304 - "http://localhost:3000/" "Mozilla/5.0 (Windows NT 10.0; Win64; x64) AppleWebKit/537.36 (KHTML, like Gecko) Chrome/99.0.4844.51 Safari/537.36"
::1 - - [08/Mar/2022:09:11:55 +0000] "GET /api/v1/foods HTTP/1.1" 304 - "http://localhost:3000/" "Mozilla/5.0 (Windows NT 10.0; Win64; x64) AppleWebKit/537.36 (KHTML, like Gecko) Chrome/99.0.4844.51 Safari/537.36"
::1 - - [08/Mar/2022:09:12:02 +0000] "GET /api/v1/foods HTTP/1.1" 304 - "http://localhost:3000/" "Mozilla/5.0 (Windows NT 10.0; Win64; x64) AppleWebKit/537.36 (KHTML, like Gecko) Chrome/99.0.4844.51 Safari/537.36"
::1 - - [08/Mar/2022:09:12:15 +0000] "GET /api/v1/foods HTTP/1.1" 304 - "http://localhost:3000/" "Mozilla/5.0 (Windows NT 10.0; Win64; x64) AppleWebKit/537.36 (KHTML, like Gecko) Chrome/99.0.4844.51 Safari/537.36"
::1 - - [08/Mar/2022:09:12:32 +0000] "POST /api/v1/users/login HTTP/1.1" 200 436 "http://localhost:3000/" "Mozilla/5.0 (Windows NT 10.0; Win64; x64) AppleWebKit/537.36 (KHTML, like Gecko) Chrome/99.0.4844.51 Safari/537.36"
::1 - - [08/Mar/2022:09:12:35 +0000] "GET /api/v1/foods HTTP/1.1" 304 - "http://localhost:3000/" "Mozilla/5.0 (Windows NT 10.0; Win64; x64) AppleWebKit/537.36 (KHTML, like Gecko) Chrome/99.0.4844.51 Safari/537.36"
::1 - - [08/Mar/2022:09:15:58 +0000] "GET /api/v1/foods HTTP/1.1" 304 - "http://localhost:3000/" "Mozilla/5.0 (Windows NT 10.0; Win64; x64) AppleWebKit/537.36 (KHTML, like Gecko) Chrome/99.0.4844.51 Safari/537.36"
::1 - - [08/Mar/2022:09:16:14 +0000] "POST /api/v1/users/login HTTP/1.1" 200 436 "http://localhost:3000/" "Mozilla/5.0 (Linux; Android 6.0; Nexus 5 Build/MRA58N) AppleWebKit/537.36 (KHTML, like Gecko) Chrome/99.0.4844.51 Mobile Safari/537.36"
::1 - - [08/Mar/2022:09:16:20 +0000] "GET /api/v1/foods HTTP/1.1" 304 - "http://localhost:3000/" "Mozilla/5.0 (Linux; Android 6.0; Nexus 5 Build/MRA58N) AppleWebKit/537.36 (KHTML, like Gecko) Chrome/99.0.4844.51 Mobile Safari/537.36"
::1 - - [08/Mar/2022:09:17:36 +0000] "GET /api/v1/foods HTTP/1.1" 304 - "http://localhost:3000/" "Mozilla/5.0 (Linux; Android 6.0; Nexus 5 Build/MRA58N) AppleWebKit/537.36 (KHTML, like Gecko) Chrome/99.0.4844.51 Mobile Safari/537.36"
::1 - - [08/Mar/2022:09:22:57 +0000] "POST /api/v1/users/login HTTP/1.1" 200 436 "http://localhost:3000/" "Mozilla/5.0 (Linux; Android 6.0; Nexus 5 Build/MRA58N) AppleWebKit/537.36 (KHTML, like Gecko) Chrome/99.0.4844.51 Mobile Safari/537.36"
::1 - - [08/Mar/2022:09:23:02 +0000] "GET /api/v1/foods HTTP/1.1" 304 - "http://localhost:3000/" "Mozilla/5.0 (Linux; Android 6.0; Nexus 5 Build/MRA58N) AppleWebKit/537.36 (KHTML, like Gecko) Chrome/99.0.4844.51 Mobile Safari/537.36"
::1 - - [08/Mar/2022:09:26:15 +0000] "GET /api/v1/foods/6226ed53d85d2b192c66ffa4 HTTP/1.1" 200 1063 "-" "PostmanRuntime/7.29.0"
::1 - - [08/Mar/2022:09:27:04 +0000] "GET /api/v1/foods HTTP/1.1" 304 - "http://localhost:3000/" "Mozilla/5.0 (Windows NT 10.0; Win64; x64) AppleWebKit/537.36 (KHTML, like Gecko) Chrome/99.0.4844.51 Safari/537.36"
::1 - - [08/Mar/2022:09:33:29 +0000] "GET /api/v1/foods HTTP/1.1" 304 - "http://localhost:3000/" "Mozilla/5.0 (Windows NT 10.0; Win64; x64) AppleWebKit/537.36 (KHTML, like Gecko) Chrome/99.0.4844.51 Safari/537.36"
::1 - - [08/Mar/2022:09:33:35 +0000] "GET /api/v1/foods HTTP/1.1" 304 - "http://localhost:3000/" "Mozilla/5.0 (Windows NT 10.0; Win64; x64) AppleWebKit/537.36 (KHTML, like Gecko) Chrome/99.0.4844.51 Safari/537.36"
::1 - - [08/Mar/2022:09:39:05 +0000] "GET /api/v1/foods HTTP/1.1" 304 - "http://localhost:3000/" "Mozilla/5.0 (Windows NT 10.0; Win64; x64) AppleWebKit/537.36 (KHTML, like Gecko) Chrome/99.0.4844.51 Safari/537.36"
::1 - - [09/Mar/2022:05:09:08 +0000] "GET /api/v1/foods HTTP/1.1" 304 - "http://localhost:3000/" "Mozilla/5.0 (Windows NT 10.0; Win64; x64) AppleWebKit/537.36 (KHTML, like Gecko) Chrome/99.0.4844.51 Safari/537.36"
::1 - - [09/Mar/2022:05:09:16 +0000] "POST /api/v1/users/login HTTP/1.1" 200 436 "http://localhost:3000/" "Mozilla/5.0 (Windows NT 10.0; Win64; x64) AppleWebKit/537.36 (KHTML, like Gecko) Chrome/99.0.4844.51 Safari/537.36"
::1 - - [09/Mar/2022:05:09:19 +0000] "GET /api/v1/foods HTTP/1.1" 304 - "http://localhost:3000/" "Mozilla/5.0 (Windows NT 10.0; Win64; x64) AppleWebKit/537.36 (KHTML, like Gecko) Chrome/99.0.4844.51 Safari/537.36"
::1 - - [09/Mar/2022:05:09:25 +0000] "GET /api/v1/foods HTTP/1.1" 304 - "http://localhost:3000/" "Mozilla/5.0 (Windows NT 10.0; Win64; x64) AppleWebKit/537.36 (KHTML, like Gecko) Chrome/99.0.4844.51 Safari/537.36"
::1 - - [09/Mar/2022:05:12:20 +0000] "GET /api/v1/foods/6226ed53d85d2b192c66ffa4 HTTP/1.1" 200 1063 "http://localhost:3000/" "Mozilla/5.0 (Windows NT 10.0; Win64; x64) AppleWebKit/537.36 (KHTML, like Gecko) Chrome/99.0.4844.51 Safari/537.36"
::1 - - [09/Mar/2022:05:12:36 +0000] "GET /api/v1/foods/6226ed53d85d2b192c66ffa4 HTTP/1.1" 304 - "http://localhost:3000/" "Mozilla/5.0 (Windows NT 10.0; Win64; x64) AppleWebKit/537.36 (KHTML, like Gecko) Chrome/99.0.4844.51 Safari/537.36"
::1 - - [09/Mar/2022:05:12:49 +0000] "GET /api/v1/foods/6226ed53d85d2b192c66ffa4 HTTP/1.1" 304 - "http://localhost:3000/" "Mozilla/5.0 (Windows NT 10.0; Win64; x64) AppleWebKit/537.36 (KHTML, like Gecko) Chrome/99.0.4844.51 Safari/537.36"
::1 - - [09/Mar/2022:05:12:54 +0000] "GET /api/v1/foods/6226ed53d85d2b192c66ffa4 HTTP/1.1" 304 - "http://localhost:3000/" "Mozilla/5.0 (Windows NT 10.0; Win64; x64) AppleWebKit/537.36 (KHTML, like Gecko) Chrome/99.0.4844.51 Safari/537.36"
::1 - - [09/Mar/2022:05:13:48 +0000] "GET /api/v1/foods/6226ed53d85d2b192c66ffa4 HTTP/1.1" 304 - "http://localhost:3000/" "Mozilla/5.0 (Windows NT 10.0; Win64; x64) AppleWebKit/537.36 (KHTML, like Gecko) Chrome/99.0.4844.51 Safari/537.36"
::1 - - [09/Mar/2022:05:14:06 +0000] "PUT /api/v1/foods/6226ed53d85d2b192c66ffa4 HTTP/1.1" 401 157 "http://localhost:3000/" "Mozilla/5.0 (Windows NT 10.0; Win64; x64) AppleWebKit/537.36 (KHTML, like Gecko) Chrome/99.0.4844.51 Safari/537.36"
::1 - - [09/Mar/2022:05:14:20 +0000] "POST /api/v1/users/login HTTP/1.1" 200 436 "http://localhost:3000/" "Mozilla/5.0 (Windows NT 10.0; Win64; x64) AppleWebKit/537.36 (KHTML, like Gecko) Chrome/99.0.4844.51 Safari/537.36"
::1 - - [09/Mar/2022:05:14:26 +0000] "GET /api/v1/foods HTTP/1.1" 304 - "http://localhost:3000/" "Mozilla/5.0 (Windows NT 10.0; Win64; x64) AppleWebKit/537.36 (KHTML, like Gecko) Chrome/99.0.4844.51 Safari/537.36"
::1 - - [09/Mar/2022:05:14:27 +0000] "GET /api/v1/foods/6226ed53d85d2b192c66ffa4 HTTP/1.1" 200 1063 "http://localhost:3000/" "Mozilla/5.0 (Windows NT 10.0; Win64; x64) AppleWebKit/537.36 (KHTML, like Gecko) Chrome/99.0.4844.51 Safari/537.36"
::1 - - [09/Mar/2022:05:14:33 +0000] "PUT /api/v1/foods/6226ed53d85d2b192c66ffa4 HTTP/1.1" 401 157 "http://localhost:3000/" "Mozilla/5.0 (Windows NT 10.0; Win64; x64) AppleWebKit/537.36 (KHTML, like Gecko) Chrome/99.0.4844.51 Safari/537.36"
::1 - - [09/Mar/2022:05:15:21 +0000] "POST /api/v1/users/login HTTP/1.1" 200 436 "http://localhost:3000/" "Mozilla/5.0 (Windows NT 10.0; Win64; x64) AppleWebKit/537.36 (KHTML, like Gecko) Chrome/99.0.4844.51 Safari/537.36"
::1 - - [09/Mar/2022:05:15:30 +0000] "GET /api/v1/foods HTTP/1.1" 304 - "http://localhost:3000/" "Mozilla/5.0 (Windows NT 10.0; Win64; x64) AppleWebKit/537.36 (KHTML, like Gecko) Chrome/99.0.4844.51 Safari/537.36"
::1 - - [09/Mar/2022:05:15:31 +0000] "GET /api/v1/foods/6226ed53d85d2b192c66ffa4 HTTP/1.1" 200 1063 "http://localhost:3000/" "Mozilla/5.0 (Windows NT 10.0; Win64; x64) AppleWebKit/537.36 (KHTML, like Gecko) Chrome/99.0.4844.51 Safari/537.36"
::1 - - [09/Mar/2022:05:15:37 +0000] "PUT /api/v1/foods/6226ed53d85d2b192c66ffa4 HTTP/1.1" 401 157 "http://localhost:3000/" "Mozilla/5.0 (Windows NT 10.0; Win64; x64) AppleWebKit/537.36 (KHTML, like Gecko) Chrome/99.0.4844.51 Safari/537.36"
::1 - - [09/Mar/2022:05:15:39 +0000] "DELETE /api/v1/foods/6226ed53d85d2b192c66ffa4 HTTP/1.1" 401 157 "http://localhost:3000/" "Mozilla/5.0 (Windows NT 10.0; Win64; x64) AppleWebKit/537.36 (KHTML, like Gecko) Chrome/99.0.4844.51 Safari/537.36"
::1 - - [09/Mar/2022:05:15:40 +0000] "DELETE /api/v1/foods/6226ed53d85d2b192c66ffa4 HTTP/1.1" 401 157 "http://localhost:3000/" "Mozilla/5.0 (Windows NT 10.0; Win64; x64) AppleWebKit/537.36 (KHTML, like Gecko) Chrome/99.0.4844.51 Safari/537.36"
::1 - - [09/Mar/2022:05:15:41 +0000] "DELETE /api/v1/foods/6226ed53d85d2b192c66ffa4 HTTP/1.1" 401 157 "http://localhost:3000/" "Mozilla/5.0 (Windows NT 10.0; Win64; x64) AppleWebKit/537.36 (KHTML, like Gecko) Chrome/99.0.4844.51 Safari/537.36"
::1 - - [09/Mar/2022:05:15:41 +0000] "DELETE /api/v1/foods/6226ed53d85d2b192c66ffa4 HTTP/1.1" 401 157 "http://localhost:3000/" "Mozilla/5.0 (Windows NT 10.0; Win64; x64) AppleWebKit/537.36 (KHTML, like Gecko) Chrome/99.0.4844.51 Safari/537.36"
::1 - - [09/Mar/2022:05:15:41 +0000] "DELETE /api/v1/foods/6226ed53d85d2b192c66ffa4 HTTP/1.1" 401 157 "http://localhost:3000/" "Mozilla/5.0 (Windows NT 10.0; Win64; x64) AppleWebKit/537.36 (KHTML, like Gecko) Chrome/99.0.4844.51 Safari/537.36"
::1 - - [09/Mar/2022:05:16:07 +0000] "GET /api/v1/foods/6226ed53d85d2b192c66ffa4 HTTP/1.1" 200 1063 "-" "PostmanRuntime/7.29.0"
::1 - - [09/Mar/2022:05:16:24 +0000] "PUT /api/v1/foods/6226ed53d85d2b192c66ffa4 HTTP/1.1" 200 1064 "-" "PostmanRuntime/7.29.0"
::1 - - [09/Mar/2022:05:17:33 +0000] "GET /api/v1/foods/6226ed53d85d2b192c66ffa4 HTTP/1.1" 200 1064 "http://localhost:3000/" "Mozilla/5.0 (Windows NT 10.0; Win64; x64) AppleWebKit/537.36 (KHTML, like Gecko) Chrome/99.0.4844.51 Safari/537.36"
::1 - - [09/Mar/2022:05:17:38 +0000] "GET /api/v1/foods/6226ed53d85d2b192c66ffa4 HTTP/1.1" 304 - "http://localhost:3000/" "Mozilla/5.0 (Windows NT 10.0; Win64; x64) AppleWebKit/537.36 (KHTML, like Gecko) Chrome/99.0.4844.51 Safari/537.36"
::1 - - [09/Mar/2022:05:17:48 +0000] "GET /api/v1/foods HTTP/1.1" 200 7935 "http://localhost:3000/" "Mozilla/5.0 (Windows NT 10.0; Win64; x64) AppleWebKit/537.36 (KHTML, like Gecko) Chrome/99.0.4844.51 Safari/537.36"
::1 - - [09/Mar/2022:05:17:52 +0000] "POST /api/v1/users/login HTTP/1.1" 200 436 "http://localhost:3000/" "Mozilla/5.0 (Windows NT 10.0; Win64; x64) AppleWebKit/537.36 (KHTML, like Gecko) Chrome/99.0.4844.51 Safari/537.36"
::1 - - [09/Mar/2022:05:17:57 +0000] "GET /api/v1/foods HTTP/1.1" 304 - "http://localhost:3000/" "Mozilla/5.0 (Windows NT 10.0; Win64; x64) AppleWebKit/537.36 (KHTML, like Gecko) Chrome/99.0.4844.51 Safari/537.36"
::1 - - [09/Mar/2022:05:18:00 +0000] "GET /api/v1/foods/6226ed53d85d2b192c66ffa4 HTTP/1.1" 304 - "http://localhost:3000/" "Mozilla/5.0 (Windows NT 10.0; Win64; x64) AppleWebKit/537.36 (KHTML, like Gecko) Chrome/99.0.4844.51 Safari/537.36"
::1 - - [09/Mar/2022:05:18:07 +0000] "PUT /api/v1/foods/6226ed53d85d2b192c66ffa4 HTTP/1.1" 401 157 "http://localhost:3000/" "Mozilla/5.0 (Windows NT 10.0; Win64; x64) AppleWebKit/537.36 (KHTML, like Gecko) Chrome/99.0.4844.51 Safari/537.36"
::1 - - [09/Mar/2022:05:18:08 +0000] "PUT /api/v1/foods/6226ed53d85d2b192c66ffa4 HTTP/1.1" 401 157 "http://localhost:3000/" "Mozilla/5.0 (Windows NT 10.0; Win64; x64) AppleWebKit/537.36 (KHTML, like Gecko) Chrome/99.0.4844.51 Safari/537.36"
::1 - - [09/Mar/2022:05:18:09 +0000] "PUT /api/v1/foods/6226ed53d85d2b192c66ffa4 HTTP/1.1" 401 157 "http://localhost:3000/" "Mozilla/5.0 (Windows NT 10.0; Win64; x64) AppleWebKit/537.36 (KHTML, like Gecko) Chrome/99.0.4844.51 Safari/537.36"
::1 - - [09/Mar/2022:05:18:09 +0000] "PUT /api/v1/foods/6226ed53d85d2b192c66ffa4 HTTP/1.1" 401 157 "http://localhost:3000/" "Mozilla/5.0 (Windows NT 10.0; Win64; x64) AppleWebKit/537.36 (KHTML, like Gecko) Chrome/99.0.4844.51 Safari/537.36"
::1 - - [09/Mar/2022:05:18:09 +0000] "PUT /api/v1/foods/6226ed53d85d2b192c66ffa4 HTTP/1.1" 401 157 "http://localhost:3000/" "Mozilla/5.0 (Windows NT 10.0; Win64; x64) AppleWebKit/537.36 (KHTML, like Gecko) Chrome/99.0.4844.51 Safari/537.36"
::1 - - [09/Mar/2022:05:18:09 +0000] "PUT /api/v1/foods/6226ed53d85d2b192c66ffa4 HTTP/1.1" 401 157 "http://localhost:3000/" "Mozilla/5.0 (Windows NT 10.0; Win64; x64) AppleWebKit/537.36 (KHTML, like Gecko) Chrome/99.0.4844.51 Safari/537.36"
::1 - - [09/Mar/2022:05:18:09 +0000] "PUT /api/v1/foods/6226ed53d85d2b192c66ffa4 HTTP/1.1" 401 157 "http://localhost:3000/" "Mozilla/5.0 (Windows NT 10.0; Win64; x64) AppleWebKit/537.36 (KHTML, like Gecko) Chrome/99.0.4844.51 Safari/537.36"
::1 - - [09/Mar/2022:05:18:10 +0000] "PUT /api/v1/foods/6226ed53d85d2b192c66ffa4 HTTP/1.1" 401 157 "http://localhost:3000/" "Mozilla/5.0 (Windows NT 10.0; Win64; x64) AppleWebKit/537.36 (KHTML, like Gecko) Chrome/99.0.4844.51 Safari/537.36"
::1 - - [09/Mar/2022:05:18:10 +0000] "PUT /api/v1/foods/6226ed53d85d2b192c66ffa4 HTTP/1.1" 401 157 "http://localhost:3000/" "Mozilla/5.0 (Windows NT 10.0; Win64; x64) AppleWebKit/537.36 (KHTML, like Gecko) Chrome/99.0.4844.51 Safari/537.36"
::1 - - [09/Mar/2022:05:18:24 +0000] "GET /api/v1/foods/6226ed53d85d2b192c66ffa4 HTTP/1.1" 200 1064 "http://localhost:3000/" "Mozilla/5.0 (Windows NT 10.0; Win64; x64) AppleWebKit/537.36 (KHTML, like Gecko) Chrome/99.0.4844.51 Safari/537.36"
::1 - - [09/Mar/2022:05:20:30 +0000] "GET /api/v1/foods/6226ed53d85d2b192c66ffa4 HTTP/1.1" 304 - "http://localhost:3000/" "Mozilla/5.0 (Windows NT 10.0; Win64; x64) AppleWebKit/537.36 (KHTML, like Gecko) Chrome/99.0.4844.51 Safari/537.36"
::1 - - [09/Mar/2022:05:21:06 +0000] "GET /api/v1/foods/6226ed53d85d2b192c66ffa4 HTTP/1.1" 304 - "http://localhost:3000/" "Mozilla/5.0 (Windows NT 10.0; Win64; x64) AppleWebKit/537.36 (KHTML, like Gecko) Chrome/99.0.4844.51 Safari/537.36"
::1 - - [09/Mar/2022:05:22:11 +0000] "GET /api/v1/foods/6226ed53d85d2b192c66ffa4 HTTP/1.1" 304 - "http://localhost:3000/" "Mozilla/5.0 (Windows NT 10.0; Win64; x64) AppleWebKit/537.36 (KHTML, like Gecko) Chrome/99.0.4844.51 Safari/537.36"
::1 - - [09/Mar/2022:05:22:18 +0000] "GET /api/v1/foods/6226ed53d85d2b192c66ffa4 HTTP/1.1" 304 - "http://localhost:3000/" "Mozilla/5.0 (Windows NT 10.0; Win64; x64) AppleWebKit/537.36 (KHTML, like Gecko) Chrome/99.0.4844.51 Safari/537.36"
::1 - - [09/Mar/2022:05:22:26 +0000] "GET /api/v1/foods/6226ed53d85d2b192c66ffa4 HTTP/1.1" 304 - "http://localhost:3000/" "Mozilla/5.0 (Windows NT 10.0; Win64; x64) AppleWebKit/537.36 (KHTML, like Gecko) Chrome/99.0.4844.51 Safari/537.36"
::1 - - [09/Mar/2022:05:22:45 +0000] "GET /api/v1/foods/6226ed53d85d2b192c66ffa4 HTTP/1.1" 304 - "http://localhost:3000/" "Mozilla/5.0 (Windows NT 10.0; Win64; x64) AppleWebKit/537.36 (KHTML, like Gecko) Chrome/99.0.4844.51 Safari/537.36"
::1 - - [09/Mar/2022:05:22:49 +0000] "GET /api/v1/foods/6226ed53d85d2b192c66ffa4 HTTP/1.1" 304 - "http://localhost:3000/" "Mozilla/5.0 (Windows NT 10.0; Win64; x64) AppleWebKit/537.36 (KHTML, like Gecko) Chrome/99.0.4844.51 Safari/537.36"
::1 - - [09/Mar/2022:05:22:53 +0000] "GET /api/v1/foods/6226ed53d85d2b192c66ffa4 HTTP/1.1" 304 - "http://localhost:3000/" "Mozilla/5.0 (Windows NT 10.0; Win64; x64) AppleWebKit/537.36 (KHTML, like Gecko) Chrome/99.0.4844.51 Safari/537.36"
::1 - - [09/Mar/2022:05:22:54 +0000] "GET /api/v1/foods/6226ed53d85d2b192c66ffa4 HTTP/1.1" 304 - "http://localhost:3000/" "Mozilla/5.0 (Windows NT 10.0; Win64; x64) AppleWebKit/537.36 (KHTML, like Gecko) Chrome/99.0.4844.51 Safari/537.36"
::1 - - [09/Mar/2022:05:23:00 +0000] "GET /api/v1/foods HTTP/1.1" 304 - "http://localhost:3000/" "Mozilla/5.0 (Windows NT 10.0; Win64; x64) AppleWebKit/537.36 (KHTML, like Gecko) Chrome/99.0.4844.51 Safari/537.36"
::1 - - [09/Mar/2022:05:23:05 +0000] "GET /api/v1/foods/6226ed53d85d2b192c66ffaa HTTP/1.1" 200 1072 "http://localhost:3000/" "Mozilla/5.0 (Windows NT 10.0; Win64; x64) AppleWebKit/537.36 (KHTML, like Gecko) Chrome/99.0.4844.51 Safari/537.36"
::1 - - [09/Mar/2022:05:24:59 +0000] "GET /api/v1/foods/6226ed53d85d2b192c66ffaa HTTP/1.1" 304 - "http://localhost:3000/" "Mozilla/5.0 (Windows NT 10.0; Win64; x64) AppleWebKit/537.36 (KHTML, like Gecko) Chrome/99.0.4844.51 Safari/537.36"
::1 - - [09/Mar/2022:05:25:04 +0000] "PUT /api/v1/foods/6226ed53d85d2b192c66ffaa HTTP/1.1" 401 157 "http://localhost:3000/" "Mozilla/5.0 (Windows NT 10.0; Win64; x64) AppleWebKit/537.36 (KHTML, like Gecko) Chrome/99.0.4844.51 Safari/537.36"
::1 - - [09/Mar/2022:05:25:10 +0000] "POST /api/v1/users/login HTTP/1.1" 200 436 "http://localhost:3000/" "Mozilla/5.0 (Windows NT 10.0; Win64; x64) AppleWebKit/537.36 (KHTML, like Gecko) Chrome/99.0.4844.51 Safari/537.36"
::1 - - [09/Mar/2022:05:25:14 +0000] "GET /api/v1/foods HTTP/1.1" 304 - "http://localhost:3000/" "Mozilla/5.0 (Windows NT 10.0; Win64; x64) AppleWebKit/537.36 (KHTML, like Gecko) Chrome/99.0.4844.51 Safari/537.36"
::1 - - [09/Mar/2022:05:25:15 +0000] "GET /api/v1/foods/6226ed53d85d2b192c66ffaa HTTP/1.1" 200 1072 "http://localhost:3000/" "Mozilla/5.0 (Windows NT 10.0; Win64; x64) AppleWebKit/537.36 (KHTML, like Gecko) Chrome/99.0.4844.51 Safari/537.36"
::1 - - [09/Mar/2022:05:25:19 +0000] "PUT /api/v1/foods/6226ed53d85d2b192c66ffaa HTTP/1.1" 401 157 "http://localhost:3000/" "Mozilla/5.0 (Windows NT 10.0; Win64; x64) AppleWebKit/537.36 (KHTML, like Gecko) Chrome/99.0.4844.51 Safari/537.36"
::1 - - [09/Mar/2022:05:26:40 +0000] "POST /api/v1/users/login HTTP/1.1" 200 436 "http://localhost:3000/" "Mozilla/5.0 (Windows NT 10.0; Win64; x64) AppleWebKit/537.36 (KHTML, like Gecko) Chrome/99.0.4844.51 Safari/537.36"
::1 - - [09/Mar/2022:05:26:40 +0000] "GET /api/v1/books?limit=8 HTTP/1.1" 404 151 "http://localhost:3000/" "Mozilla/5.0 (Windows NT 10.0; Win64; x64) AppleWebKit/537.36 (KHTML, like Gecko) Chrome/99.0.4844.51 Safari/537.36"
::1 - - [09/Mar/2022:05:26:43 +0000] "GET /api/v1/users/logout HTTP/1.1" 304 - "http://localhost:3000/" "Mozilla/5.0 (Windows NT 10.0; Win64; x64) AppleWebKit/537.36 (KHTML, like Gecko) Chrome/99.0.4844.51 Safari/537.36"
::1 - - [09/Mar/2022:05:26:44 +0000] "GET /api/v1/books?limit=8 HTTP/1.1" 404 151 "http://localhost:3000/" "Mozilla/5.0 (Windows NT 10.0; Win64; x64) AppleWebKit/537.36 (KHTML, like Gecko) Chrome/99.0.4844.51 Safari/537.36"
::1 - - [09/Mar/2022:05:27:00 +0000] "GET /api/v1/users/logout HTTP/1.1" 304 - "http://localhost:3000/" "Mozilla/5.0 (Windows NT 10.0; Win64; x64) AppleWebKit/537.36 (KHTML, like Gecko) Chrome/99.0.4844.51 Safari/537.36"
::1 - - [09/Mar/2022:05:27:01 +0000] "POST /api/v1/users/login HTTP/1.1" 200 436 "http://localhost:3000/" "Mozilla/5.0 (Windows NT 10.0; Win64; x64) AppleWebKit/537.36 (KHTML, like Gecko) Chrome/99.0.4844.51 Safari/537.36"
::1 - - [09/Mar/2022:05:27:01 +0000] "GET /api/v1/books?limit=8 HTTP/1.1" 404 151 "http://localhost:3000/" "Mozilla/5.0 (Windows NT 10.0; Win64; x64) AppleWebKit/537.36 (KHTML, like Gecko) Chrome/99.0.4844.51 Safari/537.36"
::ffff:127.0.0.1 - - [09/Mar/2022:05:27:27 +0000] "GET /api/v1/books?limit=8 HTTP/1.1" 404 151 "http://localhost:3000/" "Mozilla/5.0 (Windows NT 10.0; Win64; x64) AppleWebKit/537.36 (KHTML, like Gecko) Chrome/99.0.4844.51 Safari/537.36"
::ffff:127.0.0.1 - - [09/Mar/2022:05:27:29 +0000] "GET /api/v1/books?limit=8 HTTP/1.1" 404 151 "http://localhost:3000/" "Mozilla/5.0 (Windows NT 10.0; Win64; x64) AppleWebKit/537.36 (KHTML, like Gecko) Chrome/99.0.4844.51 Safari/537.36"
::ffff:127.0.0.1 - - [09/Mar/2022:05:27:31 +0000] "GET /api/v1/users/logout HTTP/1.1" 304 - "http://localhost:3000/" "Mozilla/5.0 (Windows NT 10.0; Win64; x64) AppleWebKit/537.36 (KHTML, like Gecko) Chrome/99.0.4844.51 Safari/537.36"
::ffff:127.0.0.1 - - [09/Mar/2022:05:27:33 +0000] "POST /api/v1/users/login HTTP/1.1" 200 436 "http://localhost:3000/" "Mozilla/5.0 (Windows NT 10.0; Win64; x64) AppleWebKit/537.36 (KHTML, like Gecko) Chrome/99.0.4844.51 Safari/537.36"
::ffff:127.0.0.1 - - [09/Mar/2022:05:27:33 +0000] "GET /api/v1/books?limit=8 HTTP/1.1" 404 151 "http://localhost:3000/" "Mozilla/5.0 (Windows NT 10.0; Win64; x64) AppleWebKit/537.36 (KHTML, like Gecko) Chrome/99.0.4844.51 Safari/537.36"
::1 - - [09/Mar/2022:05:38:16 +0000] "POST /api/v1/users/login HTTP/1.1" 200 436 "http://localhost:3000/" "Mozilla/5.0 (Windows NT 10.0; Win64; x64) AppleWebKit/537.36 (KHTML, like Gecko) Chrome/99.0.4844.51 Safari/537.36"
::1 - - [09/Mar/2022:05:38:26 +0000] "GET /api/v1/foods HTTP/1.1" 304 - "http://localhost:3000/" "Mozilla/5.0 (Windows NT 10.0; Win64; x64) AppleWebKit/537.36 (KHTML, like Gecko) Chrome/99.0.4844.51 Safari/537.36"
::1 - - [09/Mar/2022:05:38:27 +0000] "GET /api/v1/foods/6226ed53d85d2b192c66ffa4 HTTP/1.1" 304 - "http://localhost:3000/" "Mozilla/5.0 (Windows NT 10.0; Win64; x64) AppleWebKit/537.36 (KHTML, like Gecko) Chrome/99.0.4844.51 Safari/537.36"
::1 - - [09/Mar/2022:05:38:33 +0000] "PUT /api/v1/foods/6226ed53d85d2b192c66ffa4 HTTP/1.1" 200 1064 "http://localhost:3000/" "Mozilla/5.0 (Windows NT 10.0; Win64; x64) AppleWebKit/537.36 (KHTML, like Gecko) Chrome/99.0.4844.51 Safari/537.36"
::1 - - [09/Mar/2022:05:38:41 +0000] "GET /api/v1/foods/6226ed53d85d2b192c66ffa4 HTTP/1.1" 200 1064 "http://localhost:3000/" "Mozilla/5.0 (Windows NT 10.0; Win64; x64) AppleWebKit/537.36 (KHTML, like Gecko) Chrome/99.0.4844.51 Safari/537.36"
::1 - - [09/Mar/2022:05:38:45 +0000] "GET /api/v1/foods HTTP/1.1" 200 7935 "http://localhost:3000/" "Mozilla/5.0 (Windows NT 10.0; Win64; x64) AppleWebKit/537.36 (KHTML, like Gecko) Chrome/99.0.4844.51 Safari/537.36"
::1 - - [09/Mar/2022:05:38:49 +0000] "GET /api/v1/foods/6226ed53d85d2b192c66ffa4 HTTP/1.1" 304 - "http://localhost:3000/" "Mozilla/5.0 (Windows NT 10.0; Win64; x64) AppleWebKit/537.36 (KHTML, like Gecko) Chrome/99.0.4844.51 Safari/537.36"
::1 - - [09/Mar/2022:05:38:53 +0000] "PUT /api/v1/foods/6226ed53d85d2b192c66ffa4 HTTP/1.1" 200 1064 "http://localhost:3000/" "Mozilla/5.0 (Windows NT 10.0; Win64; x64) AppleWebKit/537.36 (KHTML, like Gecko) Chrome/99.0.4844.51 Safari/537.36"
::1 - - [09/Mar/2022:05:38:54 +0000] "GET /api/v1/foods HTTP/1.1" 200 7935 "http://localhost:3000/" "Mozilla/5.0 (Windows NT 10.0; Win64; x64) AppleWebKit/537.36 (KHTML, like Gecko) Chrome/99.0.4844.51 Safari/537.36"
::1 - - [09/Mar/2022:05:39:01 +0000] "GET /api/v1/foods/6226ed53d85d2b192c66ffa4 HTTP/1.1" 200 1064 "http://localhost:3000/" "Mozilla/5.0 (Windows NT 10.0; Win64; x64) AppleWebKit/537.36 (KHTML, like Gecko) Chrome/99.0.4844.51 Safari/537.36"
::1 - - [09/Mar/2022:05:39:02 +0000] "DELETE /api/v1/foods/6226ed53d85d2b192c66ffa4 HTTP/1.1" 200 1084 "http://localhost:3000/" "Mozilla/5.0 (Windows NT 10.0; Win64; x64) AppleWebKit/537.36 (KHTML, like Gecko) Chrome/99.0.4844.51 Safari/537.36"
::1 - - [09/Mar/2022:05:39:05 +0000] "GET /api/v1/foods HTTP/1.1" 200 6823 "http://localhost:3000/" "Mozilla/5.0 (Windows NT 10.0; Win64; x64) AppleWebKit/537.36 (KHTML, like Gecko) Chrome/99.0.4844.51 Safari/537.36"
::1 - - [09/Mar/2022:05:40:54 +0000] "GET /api/v1/foods HTTP/1.1" 304 - "http://localhost:3000/" "Mozilla/5.0 (Windows NT 10.0; Win64; x64) AppleWebKit/537.36 (KHTML, like Gecko) Chrome/99.0.4844.51 Safari/537.36"
::1 - - [09/Mar/2022:05:40:55 +0000] "GET /api/v1/foods/6226ed53d85d2b192c66ffb0 HTTP/1.1" 200 1072 "http://localhost:3000/" "Mozilla/5.0 (Windows NT 10.0; Win64; x64) AppleWebKit/537.36 (KHTML, like Gecko) Chrome/99.0.4844.51 Safari/537.36"
::1 - - [09/Mar/2022:05:44:32 +0000] "GET /api/v1/users/logout HTTP/1.1" 304 - "http://localhost:3000/" "Mozilla/5.0 (Windows NT 10.0; Win64; x64) AppleWebKit/537.36 (KHTML, like Gecko) Chrome/99.0.4844.51 Safari/537.36"
::1 - - [09/Mar/2022:05:44:41 +0000] "POST /api/v1/users/login HTTP/1.1" 200 436 "http://localhost:3000/" "Mozilla/5.0 (Windows NT 10.0; Win64; x64) AppleWebKit/537.36 (KHTML, like Gecko) Chrome/99.0.4844.51 Safari/537.36"
::1 - - [09/Mar/2022:05:44:47 +0000] "GET /api/v1/users/logout HTTP/1.1" 304 - "http://localhost:3000/" "Mozilla/5.0 (Windows NT 10.0; Win64; x64) AppleWebKit/537.36 (KHTML, like Gecko) Chrome/99.0.4844.51 Safari/537.36"
::1 - - [09/Mar/2022:06:27:26 +0000] "POST /api/v1/users/login HTTP/1.1" 200 436 "http://localhost:3000/" "Mozilla/5.0 (Windows NT 10.0; Win64; x64) AppleWebKit/537.36 (KHTML, like Gecko) Chrome/99.0.4844.51 Safari/537.36"
::1 - - [09/Mar/2022:06:27:37 +0000] "GET /api/v1/users/logout HTTP/1.1" 304 - "http://localhost:3000/" "Mozilla/5.0 (Windows NT 10.0; Win64; x64) AppleWebKit/537.36 (KHTML, like Gecko) Chrome/99.0.4844.51 Safari/537.36"
::1 - - [09/Mar/2022:06:27:44 +0000] "GET /api/v1/foods HTTP/1.1" 304 - "http://localhost:3000/" "Mozilla/5.0 (Windows NT 10.0; Win64; x64) AppleWebKit/537.36 (KHTML, like Gecko) Chrome/99.0.4844.51 Safari/537.36"
::1 - - [09/Mar/2022:07:42:00 +0000] "GET /api/v1/foods HTTP/1.1" 304 - "http://localhost:3000/" "Mozilla/5.0 (Windows NT 10.0; Win64; x64) AppleWebKit/537.36 (KHTML, like Gecko) Chrome/99.0.4844.51 Safari/537.36"
::1 - - [09/Mar/2022:07:42:01 +0000] "GET /api/v1/foods/6226ed53d85d2b192c66ffb6 HTTP/1.1" 200 1072 "http://localhost:3000/" "Mozilla/5.0 (Windows NT 10.0; Win64; x64) AppleWebKit/537.36 (KHTML, like Gecko) Chrome/99.0.4844.51 Safari/537.36"
::1 - - [09/Mar/2022:07:42:13 +0000] "GET /api/v1/foods HTTP/1.1" 304 - "http://localhost:3000/" "Mozilla/5.0 (Windows NT 10.0; Win64; x64) AppleWebKit/537.36 (KHTML, like Gecko) Chrome/99.0.4844.51 Safari/537.36"
::1 - - [09/Mar/2022:07:42:13 +0000] "GET /api/v1/foods/6226ed53d85d2b192c66ffb0 HTTP/1.1" 200 1072 "http://localhost:3000/" "Mozilla/5.0 (Windows NT 10.0; Win64; x64) AppleWebKit/537.36 (KHTML, like Gecko) Chrome/99.0.4844.51 Safari/537.36"
::1 - - [09/Mar/2022:07:42:15 +0000] "GET /api/v1/foods HTTP/1.1" 304 - "http://localhost:3000/" "Mozilla/5.0 (Windows NT 10.0; Win64; x64) AppleWebKit/537.36 (KHTML, like Gecko) Chrome/99.0.4844.51 Safari/537.36"
::1 - - [09/Mar/2022:07:42:16 +0000] "GET /api/v1/foods/6226ed53d85d2b192c66ffb6 HTTP/1.1" 304 - "http://localhost:3000/" "Mozilla/5.0 (Windows NT 10.0; Win64; x64) AppleWebKit/537.36 (KHTML, like Gecko) Chrome/99.0.4844.51 Safari/537.36"
::1 - - [09/Mar/2022:07:42:18 +0000] "GET /api/v1/foods HTTP/1.1" 304 - "http://localhost:3000/" "Mozilla/5.0 (Windows NT 10.0; Win64; x64) AppleWebKit/537.36 (KHTML, like Gecko) Chrome/99.0.4844.51 Safari/537.36"
::1 - - [09/Mar/2022:07:59:00 +0000] "GET /api/v1/foods/6226ed53d85d2b192c66ffb6 HTTP/1.1" 304 - "http://localhost:3000/" "Mozilla/5.0 (Windows NT 10.0; Win64; x64) AppleWebKit/537.36 (KHTML, like Gecko) Chrome/99.0.4844.51 Safari/537.36"
::1 - - [09/Mar/2022:07:59:13 +0000] "GET /api/v1/foods HTTP/1.1" 304 - "http://localhost:3000/" "Mozilla/5.0 (Windows NT 10.0; Win64; x64) AppleWebKit/537.36 (KHTML, like Gecko) Chrome/99.0.4844.51 Safari/537.36"
::1 - - [09/Mar/2022:07:59:20 +0000] "GET /api/v1/foods/6226ed53d85d2b192c66ffb0 HTTP/1.1" 304 - "http://localhost:3000/" "Mozilla/5.0 (Windows NT 10.0; Win64; x64) AppleWebKit/537.36 (KHTML, like Gecko) Chrome/99.0.4844.51 Safari/537.36"
::1 - - [09/Mar/2022:08:00:31 +0000] "GET /api/v1/foods HTTP/1.1" 304 - "http://localhost:3000/" "Mozilla/5.0 (Windows NT 10.0; Win64; x64) AppleWebKit/537.36 (KHTML, like Gecko) Chrome/99.0.4844.51 Safari/537.36"
::1 - - [09/Mar/2022:08:01:49 +0000] "GET /api/v1/foods/6226ed53d85d2b192c66ffb0 HTTP/1.1" 304 - "http://localhost:3000/" "Mozilla/5.0 (Windows NT 10.0; Win64; x64) AppleWebKit/537.36 (KHTML, like Gecko) Chrome/99.0.4844.51 Safari/537.36"
::1 - - [09/Mar/2022:08:02:01 +0000] "GET /api/v1/foods HTTP/1.1" 304 - "http://localhost:3000/" "Mozilla/5.0 (Windows NT 10.0; Win64; x64) AppleWebKit/537.36 (KHTML, like Gecko) Chrome/99.0.4844.51 Safari/537.36"
::1 - - [09/Mar/2022:08:04:38 +0000] "GET /api/v1/foods HTTP/1.1" 304 - "http://localhost:3000/" "Mozilla/5.0 (Windows NT 10.0; Win64; x64) AppleWebKit/537.36 (KHTML, like Gecko) Chrome/99.0.4844.51 Safari/537.36"
::1 - - [09/Mar/2022:08:04:42 +0000] "GET /api/v1/foods HTTP/1.1" 304 - "http://localhost:3000/" "Mozilla/5.0 (Windows NT 10.0; Win64; x64) AppleWebKit/537.36 (KHTML, like Gecko) Chrome/99.0.4844.51 Safari/537.36"
::1 - - [09/Mar/2022:08:04:45 +0000] "GET /api/v1/foods/6226ed53d85d2b192c66ffb0 HTTP/1.1" 304 - "http://localhost:3000/" "Mozilla/5.0 (Windows NT 10.0; Win64; x64) AppleWebKit/537.36 (KHTML, like Gecko) Chrome/99.0.4844.51 Safari/537.36"
::1 - - [09/Mar/2022:08:05:08 +0000] "GET /api/v1/foods HTTP/1.1" 304 - "http://localhost:3000/" "Mozilla/5.0 (Windows NT 10.0; Win64; x64) AppleWebKit/537.36 (KHTML, like Gecko) Chrome/99.0.4844.51 Safari/537.36"
::1 - - [09/Mar/2022:08:08:07 +0000] "GET /api/v1/foods/6226ed53d85d2b192c66ffb6 HTTP/1.1" 304 - "http://localhost:3000/" "Mozilla/5.0 (Windows NT 10.0; Win64; x64) AppleWebKit/537.36 (KHTML, like Gecko) Chrome/99.0.4844.51 Safari/537.36"
::1 - - [09/Mar/2022:08:09:33 +0000] "GET /api/v1/foods/6226ed53d85d2b192c66ffb6 HTTP/1.1" 304 - "http://localhost:3000/" "Mozilla/5.0 (Windows NT 10.0; Win64; x64) AppleWebKit/537.36 (KHTML, like Gecko) Chrome/99.0.4844.51 Safari/537.36"
::1 - - [09/Mar/2022:08:09:59 +0000] "GET /api/v1/foods/6226ed53d85d2b192c66ffb6 HTTP/1.1" 304 - "http://localhost:3000/" "Mozilla/5.0 (Windows NT 10.0; Win64; x64) AppleWebKit/537.36 (KHTML, like Gecko) Chrome/99.0.4844.51 Safari/537.36"
::1 - - [09/Mar/2022:08:10:19 +0000] "GET /api/v1/foods/6226ed53d85d2b192c66ffb6 HTTP/1.1" 304 - "http://localhost:3000/" "Mozilla/5.0 (Windows NT 10.0; Win64; x64) AppleWebKit/537.36 (KHTML, like Gecko) Chrome/99.0.4844.51 Safari/537.36"
::1 - - [09/Mar/2022:08:16:04 +0000] "GET /api/v1/foods/6226ed53d85d2b192c66ffb6 HTTP/1.1" 304 - "http://localhost:3000/" "Mozilla/5.0 (Windows NT 10.0; Win64; x64) AppleWebKit/537.36 (KHTML, like Gecko) Chrome/99.0.4844.51 Safari/537.36"
::1 - - [09/Mar/2022:08:17:41 +0000] "GET /api/v1/foods/6226ed53d85d2b192c66ffb6 HTTP/1.1" 304 - "http://localhost:3000/" "Mozilla/5.0 (Windows NT 10.0; Win64; x64) AppleWebKit/537.36 (KHTML, like Gecko) Chrome/99.0.4844.51 Safari/537.36"
::1 - - [09/Mar/2022:08:17:48 +0000] "GET /api/v1/foods/6226ed53d85d2b192c66ffb6 HTTP/1.1" 304 - "http://localhost:3000/" "Mozilla/5.0 (Windows NT 10.0; Win64; x64) AppleWebKit/537.36 (KHTML, like Gecko) Chrome/99.0.4844.51 Safari/537.36"
::1 - - [09/Mar/2022:08:17:54 +0000] "PUT /api/v1/foods/6226ed53d85d2b192c66ffb6 HTTP/1.1" 401 157 "http://localhost:3000/" "Mozilla/5.0 (Windows NT 10.0; Win64; x64) AppleWebKit/537.36 (KHTML, like Gecko) Chrome/99.0.4844.51 Safari/537.36"
::1 - - [09/Mar/2022:08:18:00 +0000] "POST /api/v1/users/login HTTP/1.1" 200 436 "http://localhost:3000/" "Mozilla/5.0 (Windows NT 10.0; Win64; x64) AppleWebKit/537.36 (KHTML, like Gecko) Chrome/99.0.4844.51 Safari/537.36"
::1 - - [09/Mar/2022:08:18:03 +0000] "GET /api/v1/foods HTTP/1.1" 304 - "http://localhost:3000/" "Mozilla/5.0 (Windows NT 10.0; Win64; x64) AppleWebKit/537.36 (KHTML, like Gecko) Chrome/99.0.4844.51 Safari/537.36"
::1 - - [09/Mar/2022:08:18:06 +0000] "GET /api/v1/foods/6226ed53d85d2b192c66ffb0 HTTP/1.1" 304 - "http://localhost:3000/" "Mozilla/5.0 (Windows NT 10.0; Win64; x64) AppleWebKit/537.36 (KHTML, like Gecko) Chrome/99.0.4844.51 Safari/537.36"
::1 - - [09/Mar/2022:08:18:09 +0000] "PUT /api/v1/foods/6226ed53d85d2b192c66ffb0 HTTP/1.1" 200 1073 "http://localhost:3000/" "Mozilla/5.0 (Windows NT 10.0; Win64; x64) AppleWebKit/537.36 (KHTML, like Gecko) Chrome/99.0.4844.51 Safari/537.36"
::1 - - [09/Mar/2022:08:19:06 +0000] "PUT /api/v1/foods/6226ed53d85d2b192c66ffb0 HTTP/1.1" 200 1073 "http://localhost:3000/" "Mozilla/5.0 (Windows NT 10.0; Win64; x64) AppleWebKit/537.36 (KHTML, like Gecko) Chrome/99.0.4844.51 Safari/537.36"
::1 - - [09/Mar/2022:08:19:07 +0000] "GET /api/v1/foods/6226ed53d85d2b192c66ffb0 HTTP/1.1" 200 1073 "http://localhost:3000/" "Mozilla/5.0 (Windows NT 10.0; Win64; x64) AppleWebKit/537.36 (KHTML, like Gecko) Chrome/99.0.4844.51 Safari/537.36"
::1 - - [09/Mar/2022:08:19:09 +0000] "PUT /api/v1/foods/6226ed53d85d2b192c66ffb0 HTTP/1.1" 200 1073 "http://localhost:3000/" "Mozilla/5.0 (Windows NT 10.0; Win64; x64) AppleWebKit/537.36 (KHTML, like Gecko) Chrome/99.0.4844.51 Safari/537.36"
::1 - - [09/Mar/2022:08:20:24 +0000] "PUT /api/v1/foods/6226ed53d85d2b192c66ffb0 HTTP/1.1" 200 1073 "http://localhost:3000/" "Mozilla/5.0 (Windows NT 10.0; Win64; x64) AppleWebKit/537.36 (KHTML, like Gecko) Chrome/99.0.4844.51 Safari/537.36"
::1 - - [09/Mar/2022:08:21:04 +0000] "PUT /api/v1/foods/6226ed53d85d2b192c66ffb0 HTTP/1.1" 200 1073 "http://localhost:3000/" "Mozilla/5.0 (Windows NT 10.0; Win64; x64) AppleWebKit/537.36 (KHTML, like Gecko) Chrome/99.0.4844.51 Safari/537.36"
::1 - - [09/Mar/2022:08:21:04 +0000] "GET /api/v1/foods/6226ed53d85d2b192c66ffb0 HTTP/1.1" 200 1073 "http://localhost:3000/" "Mozilla/5.0 (Windows NT 10.0; Win64; x64) AppleWebKit/537.36 (KHTML, like Gecko) Chrome/99.0.4844.51 Safari/537.36"
::1 - - [09/Mar/2022:08:21:06 +0000] "PUT /api/v1/foods/6226ed53d85d2b192c66ffb0 HTTP/1.1" 200 1073 "http://localhost:3000/" "Mozilla/5.0 (Windows NT 10.0; Win64; x64) AppleWebKit/537.36 (KHTML, like Gecko) Chrome/99.0.4844.51 Safari/537.36"
::1 - - [09/Mar/2022:08:21:09 +0000] "PUT /api/v1/foods/6226ed53d85d2b192c66ffb0 HTTP/1.1" 200 1073 "http://localhost:3000/" "Mozilla/5.0 (Windows NT 10.0; Win64; x64) AppleWebKit/537.36 (KHTML, like Gecko) Chrome/99.0.4844.51 Safari/537.36"
::1 - - [09/Mar/2022:08:21:10 +0000] "PUT /api/v1/foods/6226ed53d85d2b192c66ffb0 HTTP/1.1" 200 1073 "http://localhost:3000/" "Mozilla/5.0 (Windows NT 10.0; Win64; x64) AppleWebKit/537.36 (KHTML, like Gecko) Chrome/99.0.4844.51 Safari/537.36"
::1 - - [09/Mar/2022:08:21:11 +0000] "PUT /api/v1/foods/6226ed53d85d2b192c66ffb0 HTTP/1.1" 200 1073 "http://localhost:3000/" "Mozilla/5.0 (Windows NT 10.0; Win64; x64) AppleWebKit/537.36 (KHTML, like Gecko) Chrome/99.0.4844.51 Safari/537.36"
::1 - - [09/Mar/2022:08:21:30 +0000] "GET /api/v1/foods/6226ed53d85d2b192c66ffb0 HTTP/1.1" 200 1073 "http://localhost:3000/" "Mozilla/5.0 (Windows NT 10.0; Win64; x64) AppleWebKit/537.36 (KHTML, like Gecko) Chrome/99.0.4844.51 Safari/537.36"
::1 - - [09/Mar/2022:08:21:32 +0000] "PUT /api/v1/foods/6226ed53d85d2b192c66ffb0 HTTP/1.1" 200 1073 "http://localhost:3000/" "Mozilla/5.0 (Windows NT 10.0; Win64; x64) AppleWebKit/537.36 (KHTML, like Gecko) Chrome/99.0.4844.51 Safari/537.36"
::1 - - [09/Mar/2022:08:21:41 +0000] "GET /api/v1/foods/6226ed53d85d2b192c66ffb0 HTTP/1.1" 200 1073 "http://localhost:3000/" "Mozilla/5.0 (Windows NT 10.0; Win64; x64) AppleWebKit/537.36 (KHTML, like Gecko) Chrome/99.0.4844.51 Safari/537.36"
::1 - - [09/Mar/2022:08:21:43 +0000] "PUT /api/v1/foods/6226ed53d85d2b192c66ffb0 HTTP/1.1" 200 1073 "http://localhost:3000/" "Mozilla/5.0 (Windows NT 10.0; Win64; x64) AppleWebKit/537.36 (KHTML, like Gecko) Chrome/99.0.4844.51 Safari/537.36"
::1 - - [09/Mar/2022:08:21:44 +0000] "PUT /api/v1/foods/6226ed53d85d2b192c66ffb0 HTTP/1.1" 200 1073 "http://localhost:3000/" "Mozilla/5.0 (Windows NT 10.0; Win64; x64) AppleWebKit/537.36 (KHTML, like Gecko) Chrome/99.0.4844.51 Safari/537.36"
::1 - - [09/Mar/2022:08:21:45 +0000] "PUT /api/v1/foods/6226ed53d85d2b192c66ffb0 HTTP/1.1" 200 1073 "http://localhost:3000/" "Mozilla/5.0 (Windows NT 10.0; Win64; x64) AppleWebKit/537.36 (KHTML, like Gecko) Chrome/99.0.4844.51 Safari/537.36"
::1 - - [09/Mar/2022:08:21:46 +0000] "PUT /api/v1/foods/6226ed53d85d2b192c66ffb0 HTTP/1.1" 200 1073 "http://localhost:3000/" "Mozilla/5.0 (Windows NT 10.0; Win64; x64) AppleWebKit/537.36 (KHTML, like Gecko) Chrome/99.0.4844.51 Safari/537.36"
::1 - - [09/Mar/2022:08:21:47 +0000] "PUT /api/v1/foods/6226ed53d85d2b192c66ffb0 HTTP/1.1" 200 1073 "http://localhost:3000/" "Mozilla/5.0 (Windows NT 10.0; Win64; x64) AppleWebKit/537.36 (KHTML, like Gecko) Chrome/99.0.4844.51 Safari/537.36"
::1 - - [09/Mar/2022:08:22:06 +0000] "GET /api/v1/foods/6226ed53d85d2b192c66ffb0 HTTP/1.1" 200 1073 "http://localhost:3000/" "Mozilla/5.0 (Windows NT 10.0; Win64; x64) AppleWebKit/537.36 (KHTML, like Gecko) Chrome/99.0.4844.51 Safari/537.36"
::1 - - [09/Mar/2022:14:52:27 +0000] "POST /api/v1/users/login HTTP/1.1" 401 123 "http://localhost:3000/" "Mozilla/5.0 (Windows NT 10.0; Win64; x64) AppleWebKit/537.36 (KHTML, like Gecko) Chrome/99.0.4844.51 Safari/537.36"
::1 - - [09/Mar/2022:14:53:06 +0000] "POST /api/v1/users/login HTTP/1.1" 200 436 "http://localhost:3000/" "Mozilla/5.0 (Windows NT 10.0; Win64; x64) AppleWebKit/537.36 (KHTML, like Gecko) Chrome/99.0.4844.51 Safari/537.36"
::1 - - [09/Mar/2022:14:53:15 +0000] "GET /api/v1/foods HTTP/1.1" 200 6824 "http://localhost:3000/" "Mozilla/5.0 (Windows NT 10.0; Win64; x64) AppleWebKit/537.36 (KHTML, like Gecko) Chrome/99.0.4844.51 Safari/537.36"
::1 - - [09/Mar/2022:14:53:41 +0000] "GET /api/v1/foods/6226ed53d85d2b192c66ffb0 HTTP/1.1" 200 1073 "http://localhost:3000/" "Mozilla/5.0 (Windows NT 10.0; Win64; x64) AppleWebKit/537.36 (KHTML, like Gecko) Chrome/99.0.4844.51 Safari/537.36"
::1 - - [09/Mar/2022:14:53:58 +0000] "GET /api/v1/users/logout HTTP/1.1" 304 - "http://localhost:3000/" "Mozilla/5.0 (Windows NT 10.0; Win64; x64) AppleWebKit/537.36 (KHTML, like Gecko) Chrome/99.0.4844.51 Safari/537.36"
::1 - - [09/Mar/2022:14:54:03 +0000] "GET /api/v1/foods HTTP/1.1" 304 - "http://localhost:3000/" "Mozilla/5.0 (Windows NT 10.0; Win64; x64) AppleWebKit/537.36 (KHTML, like Gecko) Chrome/99.0.4844.51 Safari/537.36"
::1 - - [09/Mar/2022:14:54:04 +0000] "GET /api/v1/foods/6226ed53d85d2b192c66ffb0 HTTP/1.1" 304 - "http://localhost:3000/" "Mozilla/5.0 (Windows NT 10.0; Win64; x64) AppleWebKit/537.36 (KHTML, like Gecko) Chrome/99.0.4844.51 Safari/537.36"
::1 - - [09/Mar/2022:14:54:25 +0000] "PUT /api/v1/foods/6226ed53d85d2b192c66ffb0 HTTP/1.1" 401 157 "http://localhost:3000/" "Mozilla/5.0 (Windows NT 10.0; Win64; x64) AppleWebKit/537.36 (KHTML, like Gecko) Chrome/99.0.4844.51 Safari/537.36"
::1 - - [09/Mar/2022:14:55:05 +0000] "POST /api/v1/users/login HTTP/1.1" 200 436 "http://localhost:3000/" "Mozilla/5.0 (Windows NT 10.0; Win64; x64) AppleWebKit/537.36 (KHTML, like Gecko) Chrome/99.0.4844.51 Safari/537.36"
::1 - - [09/Mar/2022:14:55:19 +0000] "GET /api/v1/foods HTTP/1.1" 304 - "http://localhost:3000/" "Mozilla/5.0 (Windows NT 10.0; Win64; x64) AppleWebKit/537.36 (KHTML, like Gecko) Chrome/99.0.4844.51 Safari/537.36"
::1 - - [09/Mar/2022:14:55:21 +0000] "GET /api/v1/foods/6226ed53d85d2b192c66ffb0 HTTP/1.1" 200 1073 "http://localhost:3000/" "Mozilla/5.0 (Windows NT 10.0; Win64; x64) AppleWebKit/537.36 (KHTML, like Gecko) Chrome/99.0.4844.51 Safari/537.36"
::1 - - [09/Mar/2022:14:55:44 +0000] "PUT /api/v1/foods/6226ed53d85d2b192c66ffb0 HTTP/1.1" 200 1073 "http://localhost:3000/" "Mozilla/5.0 (Windows NT 10.0; Win64; x64) AppleWebKit/537.36 (KHTML, like Gecko) Chrome/99.0.4844.51 Safari/537.36"
::1 - - [09/Mar/2022:14:55:50 +0000] "GET /api/v1/foods HTTP/1.1" 200 6824 "http://localhost:3000/" "Mozilla/5.0 (Windows NT 10.0; Win64; x64) AppleWebKit/537.36 (KHTML, like Gecko) Chrome/99.0.4844.51 Safari/537.36"
::1 - - [09/Mar/2022:15:01:35 +0000] "GET /api/v1/foods HTTP/1.1" 304 - "http://localhost:3000/" "Mozilla/5.0 (Windows NT 10.0; Win64; x64) AppleWebKit/537.36 (KHTML, like Gecko) Chrome/99.0.4844.51 Safari/537.36"
::1 - - [09/Mar/2022:15:01:50 +0000] "GET /api/v1/foods HTTP/1.1" 304 - "http://localhost:3000/" "Mozilla/5.0 (Windows NT 10.0; Win64; x64) AppleWebKit/537.36 (KHTML, like Gecko) Chrome/99.0.4844.51 Safari/537.36"
::1 - - [09/Mar/2022:15:05:09 +0000] "GET /api/v1/foods/6226ed53d85d2b192c66ffb0 HTTP/1.1" 200 1073 "http://localhost:3000/" "Mozilla/5.0 (Windows NT 10.0; Win64; x64) AppleWebKit/537.36 (KHTML, like Gecko) Chrome/99.0.4844.51 Safari/537.36"
::1 - - [09/Mar/2022:15:05:12 +0000] "GET /api/v1/foods HTTP/1.1" 304 - "http://localhost:3000/" "Mozilla/5.0 (Windows NT 10.0; Win64; x64) AppleWebKit/537.36 (KHTML, like Gecko) Chrome/99.0.4844.51 Safari/537.36"
::1 - - [09/Mar/2022:15:05:15 +0000] "GET /api/v1/foods/6226ed53d85d2b192c66ffb0 HTTP/1.1" 304 - "http://localhost:3000/" "Mozilla/5.0 (Windows NT 10.0; Win64; x64) AppleWebKit/537.36 (KHTML, like Gecko) Chrome/99.0.4844.51 Safari/537.36"
::1 - - [09/Mar/2022:15:05:22 +0000] "GET /api/v1/foods/6226ed53d85d2b192c66ffb0 HTTP/1.1" 304 - "http://localhost:3000/" "Mozilla/5.0 (Windows NT 10.0; Win64; x64) AppleWebKit/537.36 (KHTML, like Gecko) Chrome/99.0.4844.51 Safari/537.36"
::1 - - [09/Mar/2022:15:05:38 +0000] "PUT /api/v1/foods/6226ed53d85d2b192c66ffb0 HTTP/1.1" 200 1072 "http://localhost:3000/" "Mozilla/5.0 (Windows NT 10.0; Win64; x64) AppleWebKit/537.36 (KHTML, like Gecko) Chrome/99.0.4844.51 Safari/537.36"
